--------------------------------------------------
Marvellous Infosystem Process Log
Log file is created at : Wed Jun 18 08:54:27 2025
--------------------------------------------------
{'username': 'NT AUTHORITY\\SYSTEM', 'pid': 0, 'name': 'System Idle Process', 'vms': 0.05859375} 
{'username': 'NT AUTHORITY\\SYSTEM', 'pid': 4, 'name': 'System', 'vms': 0.08203125} 
{'username': None, 'pid': 236, 'name': '', 'vms': 0.16796875} 
{'username': None, 'pid': 280, 'name': 'Registry', 'vms': 11.46875} 
{'username': 'LAPTOP-ECMIU6EK\\shail', 'pid': 504, 'name': 'Code.exe', 'vms': 82.4375} 
{'username': 'LAPTOP-ECMIU6EK\\shail', 'pid': 516, 'name': 'StartMenuExperienceHost.exe', 'vms': 83.14453125} 
{'username': None, 'pid': 520, 'name': 'winlogon.exe', 'vms': 2.6484375} 
{'username': 'LAPTOP-ECMIU6EK\\shail', 'pid': 592, 'name': 'conhost.exe', 'vms': 1.34765625} 
{'username': 'LAPTOP-ECMIU6EK\\shail', 'pid': 712, 'name': 'UserOOBEBroker.exe', 'vms': 1.7265625} 
{'username': None, 'pid': 864, 'name': 'smss.exe', 'vms': 1.14453125} 
{'username': None, 'pid': 880, 'name': 'svchost.exe', 'vms': 2.05078125} 
{'username': None, 'pid': 1260, 'name': 'svchost.exe', 'vms': 2.44921875} 
{'username': None, 'pid': 1272, 'name': 'csrss.exe', 'vms': 2.74609375} 
{'username': None, 'pid': 1392, 'name': 'wininit.exe', 'vms': 1.73046875} 
{'username': None, 'pid': 1460, 'name': 'services.exe', 'vms': 7.14453125} 
{'username': None, 'pid': 1480, 'name': 'LsaIso.exe', 'vms': 1.82421875} 
{'username': None, 'pid': 1488, 'name': 'lsass.exe', 'vms': 12.796875} 
{'username': 'LAPTOP-ECMIU6EK\\shail', 'pid': 1532, 'name': 'backgroundTaskHost.exe', 'vms': 4.19921875} 
{'username': None, 'pid': 1616, 'name': 'svchost.exe', 'vms': 7.33203125} 
{'username': None, 'pid': 1620, 'name': 'svchost.exe', 'vms': 1.36328125} 
{'username': 'LAPTOP-ECMIU6EK\\shail', 'pid': 1680, 'name': 'msedge.exe', 'vms': 22.14453125} 
{'username': None, 'pid': 1704, 'name': 'svchost.exe', 'vms': 19.37109375} 
{'username': 'LAPTOP-ECMIU6EK\\shail', 'pid': 1716, 'name': 'Code.exe', 'vms': 10.6953125} 
{'username': None, 'pid': 1736, 'name': 'WUDFHost.exe', 'vms': 2.625} 
{'username': None, 'pid': 1744, 'name': 'fontdrvhost.exe', 'vms': 1.90234375} 
{'username': 'LAPTOP-ECMIU6EK\\shail', 'pid': 1756, 'name': 'python.exe', 'vms': 43.58203125} 
{'username': 'LAPTOP-ECMIU6EK\\shail', 'pid': 1768, 'name': 'ShellExperienceHost.exe', 'vms': 51.0625} 
{'username': None, 'pid': 1868, 'name': 'svchost.exe', 'vms': 11.17578125} 
{'username': None, 'pid': 1888, 'name': 'svchost.exe', 'vms': 12.3125} 
{'username': 'LAPTOP-ECMIU6EK\\shail', 'pid': 1928, 'name': 'SystemSettings.exe', 'vms': 146.9765625} 
{'username': None, 'pid': 1932, 'name': 'svchost.exe', 'vms': 3.52734375} 
{'username': None, 'pid': 1968, 'name': 'WUDFHost.exe', 'vms': 9.71875} 
{'username': 'LAPTOP-ECMIU6EK\\shail', 'pid': 1988, 'name': 'ShellHost.exe', 'vms': 41.796875} 
{'username': None, 'pid': 2128, 'name': 'svchost.exe', 'vms': 3.96484375} 
{'username': None, 'pid': 2156, 'name': 'svchost.exe', 'vms': 2.5} 
{'username': None, 'pid': 2164, 'name': 'svchost.exe', 'vms': 3.234375} 
{'username': None, 'pid': 2172, 'name': 'svchost.exe', 'vms': 2.5078125} 
{'username': None, 'pid': 2180, 'name': 'svchost.exe', 'vms': 2.94921875} 
{'username': 'LAPTOP-ECMIU6EK\\shail', 'pid': 2272, 'name': 'nvcontainer.exe', 'vms': 22.5390625} 
{'username': None, 'pid': 2284, 'name': 'IntelCpHDCPSvc.exe', 'vms': 1.55078125} 
{'username': None, 'pid': 2316, 'name': 'svchost.exe', 'vms': 3.62109375} 
{'username': None, 'pid': 2352, 'name': 'svchost.exe', 'vms': 2.32421875} 
{'username': None, 'pid': 2448, 'name': 'svchost.exe', 'vms': 6.484375} 
{'username': None, 'pid': 2464, 'name': 'svchost.exe', 'vms': 7.00390625} 
{'username': None, 'pid': 2488, 'name': 'svchost.exe', 'vms': 2.23046875} 
{'username': None, 'pid': 2700, 'name': 'svchost.exe', 'vms': 3.8203125} 
{'username': 'LAPTOP-ECMIU6EK\\shail', 'pid': 2744, 'name': 'FileCoAuth.exe', 'vms': 5.83984375} 
{'username': None, 'pid': 2808, 'name': 'svchost.exe', 'vms': 3.41796875} 
{'username': None, 'pid': 3016, 'name': 'svchost.exe', 'vms': 1.95703125} 
{'username': 'LAPTOP-ECMIU6EK\\shail', 'pid': 3028, 'name': 'msedgewebview2.exe', 'vms': 2.29296875} 
{'username': None, 'pid': 3112, 'name': 'svchost.exe', 'vms': 6.15234375} 
{'username': None, 'pid': 3148, 'name': 'NVDisplay.Container.exe', 'vms': 37.2734375} 
{'username': None, 'pid': 3228, 'name': 'WUDFHost.exe', 'vms': 2.0078125} 
{'username': None, 'pid': 3252, 'name': 'svchost.exe', 'vms': 16.67578125} 
{'username': None, 'pid': 3284, 'name': 'svchost.exe', 'vms': 36.7109375} 
{'username': None, 'pid': 3340, 'name': 'svchost.exe', 'vms': 2.640625} 
{'username': None, 'pid': 3356, 'name': 'svchost.exe', 'vms': 3.578125} 
{'username': None, 'pid': 3364, 'name': 'svchost.exe', 'vms': 1.51953125} 
{'username': None, 'pid': 3372, 'name': 'svchost.exe', 'vms': 2.2109375} 
{'username': None, 'pid': 3480, 'name': 'WUDFHost.exe', 'vms': 5.1171875} 
{'username': None, 'pid': 3600, 'name': 'svchost.exe', 'vms': 2.09375} 
{'username': None, 'pid': 3620, 'name': 'MemCompression', 'vms': 1.2578125} 
{'username': 'LAPTOP-ECMIU6EK\\shail', 'pid': 3632, 'name': 'backgroundTaskHost.exe', 'vms': 8.91796875} 
{'username': None, 'pid': 3672, 'name': 'svchost.exe', 'vms': 4.05078125} 
{'username': None, 'pid': 3720, 'name': 'svchost.exe', 'vms': 2.4140625} 
{'username': None, 'pid': 3728, 'name': 'svchost.exe', 'vms': 2.6484375} 
{'username': None, 'pid': 3876, 'name': 'svchost.exe', 'vms': 1.890625} 
{'username': None, 'pid': 3888, 'name': 'svchost.exe', 'vms': 4.52734375} 
{'username': 'LAPTOP-ECMIU6EK\\shail', 'pid': 3896, 'name': 'RuntimeBroker.exe', 'vms': 2.3984375} 
{'username': None, 'pid': 3948, 'name': 'svchost.exe', 'vms': 1.76953125} 
{'username': None, 'pid': 4192, 'name': 'AsusAppService.exe', 'vms': 5.58984375} 
{'username': None, 'pid': 4316, 'name': 'svchost.exe', 'vms': 2.3671875} 
{'username': None, 'pid': 4336, 'name': 'MpDefenderCoreService.exe', 'vms': 13.39453125} 
{'username': None, 'pid': 4364, 'name': 'svchost.exe', 'vms': 7.296875} 
{'username': 'LAPTOP-ECMIU6EK\\shail', 'pid': 4376, 'name': 'msedgewebview2.exe', 'vms': 41.28125} 
{'username': None, 'pid': 4392, 'name': 'AsusOptimization.exe', 'vms': 2.97265625} 
{'username': None, 'pid': 4400, 'name': 'svchost.exe', 'vms': 3.68359375} 
{'username': 'LAPTOP-ECMIU6EK\\shail', 'pid': 4564, 'name': 'Code.exe', 'vms': 117.89453125} 
{'username': None, 'pid': 4600, 'name': 'spoolsv.exe', 'vms': 9.61328125} 
{'username': 'LAPTOP-ECMIU6EK\\shail', 'pid': 4648, 'name': 'powershell.exe', 'vms': 55.50390625} 
{'username': None, 'pid': 4668, 'name': 'svchost.exe', 'vms': 15.30078125} 
{'username': 'LAPTOP-ECMIU6EK\\shail', 'pid': 4800, 'name': 'AsusOptimizationStartupTask.exe', 'vms': 4.296875} 
{'username': None, 'pid': 4836, 'name': 'svchost.exe', 'vms': 1.796875} 
{'username': None, 'pid': 4888, 'name': 'svchost.exe', 'vms': 14.3046875} 
{'username': None, 'pid': 4908, 'name': 'NVDisplay.Container.exe', 'vms': 33.73828125} 
{'username': None, 'pid': 4948, 'name': 'svchost.exe', 'vms': 3.19921875} 
{'username': None, 'pid': 4972, 'name': 'svchost.exe', 'vms': 2.12109375} 
{'username': None, 'pid': 5088, 'name': 'svchost.exe', 'vms': 1.640625} 
{'username': None, 'pid': 5112, 'name': 'AggregatorHost.exe', 'vms': 3.6875} 
{'username': None, 'pid': 5124, 'name': 'AsusProArtUpdateService.exe', 'vms': 9.484375} 
{'username': None, 'pid': 5132, 'name': 'AsusProArtService.exe', 'vms': 4.953125} 
{'username': None, 'pid': 5140, 'name': 'AsusDialService.exe', 'vms': 3.49609375} 
{'username': None, 'pid': 5152, 'name': 'AsusSystemAnalysis.exe', 'vms': 6.04296875} 
{'username': None, 'pid': 5160, 'name': 'AsusSystemDiagnosis.exe', 'vms': 6.84375} 
{'username': None, 'pid': 5168, 'name': 'AsusSoftwareManager.exe', 'vms': 5.8359375} 
{'username': None, 'pid': 5176, 'name': 'DAX3API.exe', 'vms': 7.44921875} 
{'username': None, 'pid': 5184, 'name': 'AsusSwitch.exe', 'vms': 2.61328125} 
{'username': None, 'pid': 5196, 'name': 'GlideXNearService.exe', 'vms': 2.69140625} 
{'username': None, 'pid': 5204, 'name': 'svchost.exe', 'vms': 31.20703125} 
{'username': None, 'pid': 5212, 'name': 'svchost.exe', 'vms': 29.2578125} 
{'username': None, 'pid': 5220, 'name': 'wlanext.exe', 'vms': 3.02734375} 
{'username': None, 'pid': 5228, 'name': 'svchost.exe', 'vms': 13.55078125} 
{'username': None, 'pid': 5236, 'name': 'GlideXRemoteService.exe', 'vms': 3.66796875} 
{'username': None, 'pid': 5256, 'name': 'ipfsvc.exe', 'vms': 2.80078125} 
{'username': None, 'pid': 5312, 'name': 'GlideXServiceExt.exe', 'vms': 3.23046875} 
{'username': None, 'pid': 5348, 'name': 'OneApp.IGCC.WinService.exe', 'vms': 43.58203125} 
{'username': None, 'pid': 5356, 'name': 'GlideXService.exe', 'vms': 5.71484375} 
{'username': 'LAPTOP-ECMIU6EK\\shail', 'pid': 5368, 'name': 'taskhostw.exe', 'vms': 7.32421875} 
{'username': None, 'pid': 5400, 'name': 'sppsvc.exe', 'vms': 4.58203125} 
{'username': None, 'pid': 5480, 'name': 'IntelAudioService.exe', 'vms': 39.16796875} 
{'username': None, 'pid': 5496, 'name': 'svchost.exe', 'vms': 3.66796875} 
{'username': None, 'pid': 5560, 'name': 'svchost.exe', 'vms': 3.0078125} 
{'username': 'LAPTOP-ECMIU6EK\\shail', 'pid': 5576, 'name': 'Code.exe', 'vms': 28.1640625} 
{'username': None, 'pid': 5664, 'name': 'jhi_service.exe', 'vms': 1.41796875} 
{'username': None, 'pid': 5672, 'name': 'NgcIso.exe', 'vms': 2.5546875} 
{'username': None, 'pid': 5772, 'name': 'NvBroadcast.Container.exe', 'vms': 3.046875} 
{'username': None, 'pid': 5784, 'name': 'nvcontainer.exe', 'vms': 12.96875} 
{'username': 'LAPTOP-ECMIU6EK\\shail', 'pid': 5792, 'name': 'msedgewebview2.exe', 'vms': 123.65625} 
{'username': None, 'pid': 5800, 'name': 'RstMwService.exe', 'vms': 2.56640625} 
{'username': None, 'pid': 5808, 'name': 'RtkAudUService64.exe', 'vms': 5.19140625} 
{'username': None, 'pid': 5832, 'name': 'ipf_uf.exe', 'vms': 2.08984375} 
{'username': None, 'pid': 5876, 'name': 'svchost.exe', 'vms': 1.50390625} 
{'username': None, 'pid': 5920, 'name': 'WMIRegistrationService.exe', 'vms': 3.0546875} 
{'username': None, 'pid': 5960, 'name': 'svchost.exe', 'vms': 5.49609375} 
{'username': None, 'pid': 5972, 'name': 'svchost.exe', 'vms': 2.01953125} 
{'username': 'LAPTOP-ECMIU6EK\\shail', 'pid': 6080, 'name': 'svchost.exe', 'vms': 2.25} 
{'username': 'LAPTOP-ECMIU6EK\\shail', 'pid': 6100, 'name': 'msedgewebview2.exe', 'vms': 9.5078125} 
{'username': 'LAPTOP-ECMIU6EK\\shail', 'pid': 6340, 'name': 'msedge.exe', 'vms': 38.4453125} 
{'username': None, 'pid': 6428, 'name': 'svchost.exe', 'vms': 2.578125} 
{'username': None, 'pid': 6464, 'name': 'SearchProtocolHost.exe', 'vms': 2.328125} 
{'username': None, 'pid': 6592, 'name': 'svchost.exe', 'vms': 2.0625} 
{'username': None, 'pid': 6604, 'name': 'Intel_PIE_Service.exe', 'vms': 2.5625} 
{'username': 'LAPTOP-ECMIU6EK\\shail', 'pid': 6652, 'name': 'AsusSoftwareManagerAgent.exe', 'vms': 47.15625} 
{'username': None, 'pid': 6660, 'name': 'svchost.exe', 'vms': 7.5078125} 
{'username': 'LAPTOP-ECMIU6EK\\shail', 'pid': 6924, 'name': 'dllhost.exe', 'vms': 1.625} 
{'username': None, 'pid': 7012, 'name': 'svchost.exe', 'vms': 2.0078125} 
{'username': 'LAPTOP-ECMIU6EK\\shail', 'pid': 7052, 'name': 'msedgewebview2.exe', 'vms': 80.25390625} 
{'username': None, 'pid': 7064, 'name': 'svchost.exe', 'vms': 6.54296875} 
{'username': None, 'pid': 7332, 'name': 'svchost.exe', 'vms': 7.16796875} 
{'username': None, 'pid': 7368, 'name': 'unsecapp.exe', 'vms': 2.70703125} 
{'username': 'LAPTOP-ECMIU6EK\\shail', 'pid': 7436, 'name': 'svchost.exe', 'vms': 5.37109375} 
{'username': None, 'pid': 7508, 'name': 'WmiPrvSE.exe', 'vms': 37.8125} 
{'username': 'LAPTOP-ECMIU6EK\\shail', 'pid': 7800, 'name': 'sihost.exe', 'vms': 7.78125} 
{'username': 'LAPTOP-ECMIU6EK\\shail', 'pid': 7848, 'name': 'msedgewebview2.exe', 'vms': 12.1328125} 
{'username': 'LAPTOP-ECMIU6EK\\shail', 'pid': 7864, 'name': 'msedge.exe', 'vms': 78.53515625} 
{'username': None, 'pid': 7876, 'name': 'RtkAudUService64.exe', 'vms': 6.39453125} 
{'username': None, 'pid': 8164, 'name': 'svchost.exe', 'vms': 2.5078125} 
{'username': None, 'pid': 8236, 'name': 'svchost.exe', 'vms': 3.81640625} 
{'username': None, 'pid': 8240, 'name': 'csrss.exe', 'vms': 2.96484375} 
{'username': None, 'pid': 8728, 'name': 'gamingservicesnet.exe', 'vms': 4.95703125} 
{'username': None, 'pid': 8856, 'name': 'gamingservices.exe', 'vms': 12.6796875} 
{'username': 'LAPTOP-ECMIU6EK\\shail', 'pid': 8968, 'name': 'svchost.exe', 'vms': 9.94140625} 
{'username': None, 'pid': 9024, 'name': 'svchost.exe', 'vms': 1.1015625} 
{'username': None, 'pid': 9032, 'name': 'svchost.exe', 'vms': 2.734375} 
{'username': None, 'pid': 9312, 'name': 'svchost.exe', 'vms': 2.97265625} 
{'username': None, 'pid': 9416, 'name': 'svchost.exe', 'vms': 7.8671875} 
{'username': None, 'pid': 9508, 'name': 'TrustedInstaller.exe', 'vms': 1.8515625} 
{'username': 'LAPTOP-ECMIU6EK\\shail', 'pid': 9512, 'name': 'msedge.exe', 'vms': 8.9375} 
{'username': 'LAPTOP-ECMIU6EK\\shail', 'pid': 9640, 'name': 'nvcontainer.exe', 'vms': 15.00390625} 
{'username': None, 'pid': 9764, 'name': 'svchost.exe', 'vms': 9.10546875} 
{'username': None, 'pid': 9920, 'name': 'fontdrvhost.exe', 'vms': 2.09375} 
{'username': None, 'pid': 10028, 'name': 'svchost.exe', 'vms': 3.08203125} 
{'username': 'LAPTOP-ECMIU6EK\\shail', 'pid': 10152, 'name': 'Code.exe', 'vms': 13.76953125} 
{'username': 'LAPTOP-ECMIU6EK\\shail', 'pid': 10184, 'name': 'RuntimeBroker.exe', 'vms': 2.828125} 
{'username': 'LAPTOP-ECMIU6EK\\shail', 'pid': 10192, 'name': 'AsusSystemAnalysis.exe', 'vms': 2.16015625} 
{'username': None, 'pid': 10616, 'name': 'nvcontainer.exe', 'vms': 27.5} 
{'username': 'LAPTOP-ECMIU6EK\\shail', 'pid': 10636, 'name': 'Code.exe', 'vms': 282.83984375} 
{'username': 'LAPTOP-ECMIU6EK\\shail', 'pid': 10668, 'name': 'RuntimeBroker.exe', 'vms': 5.8828125} 
{'username': None, 'pid': 10752, 'name': 'svchost.exe', 'vms': 1.49609375} 
{'username': 'LAPTOP-ECMIU6EK\\shail', 'pid': 10772, 'name': 'SecurityHealthSystray.exe', 'vms': 2.05859375} 
{'username': 'LAPTOP-ECMIU6EK\\shail', 'pid': 10792, 'name': 'WindowsTerminal.exe', 'vms': 82.13671875} 
{'username': 'LAPTOP-ECMIU6EK\\shail', 'pid': 10816, 'name': 'OneDrive.exe', 'vms': 97.5390625} 
{'username': 'LAPTOP-ECMIU6EK\\shail', 'pid': 10904, 'name': 'msedge.exe', 'vms': 117.6953125} 
{'username': 'LAPTOP-ECMIU6EK\\shail', 'pid': 10920, 'name': 'msedgewebview2.exe', 'vms': 108.76171875} 
{'username': 'LAPTOP-ECMIU6EK\\shail', 'pid': 11028, 'name': 'SearchHost.exe', 'vms': 80.10546875} 
{'username': None, 'pid': 11096, 'name': 'svchost.exe', 'vms': 3.48828125} 
{'username': 'LAPTOP-ECMIU6EK\\shail', 'pid': 11256, 'name': 'TextInputHost.exe', 'vms': 56.453125} 
{'username': None, 'pid': 11320, 'name': 'SecurityHealthService.exe', 'vms': 8.51171875} 
{'username': 'LAPTOP-ECMIU6EK\\shail', 'pid': 11388, 'name': 'python.exe', 'vms': 14.3515625} 
{'username': 'LAPTOP-ECMIU6EK\\shail', 'pid': 11492, 'name': 'msedge.exe', 'vms': 102.71484375} 
{'username': None, 'pid': 11532, 'name': 'svchost.exe', 'vms': 2.82421875} 
{'username': None, 'pid': 11592, 'name': 'FileSyncHelper.exe', 'vms': 7.69921875} 
{'username': 'LAPTOP-ECMIU6EK\\shail', 'pid': 11732, 'name': 'msedgewebview2.exe', 'vms': 9.1484375} 
{'username': None, 'pid': 11792, 'name': 'svchost.exe', 'vms': 11.23046875} 
{'username': None, 'pid': 12112, 'name': 'svchost.exe', 'vms': 12.29296875} 
{'username': 'LAPTOP-ECMIU6EK\\shail', 'pid': 12316, 'name': 'RtkAudUService64.exe', 'vms': 6.46875} 
{'username': None, 'pid': 12732, 'name': 'DAX3API.exe', 'vms': 2.84765625} 
{'username': 'LAPTOP-ECMIU6EK\\shail', 'pid': 12760, 'name': 'SnippingTool.exe', 'vms': 62.53125} 
{'username': 'LAPTOP-ECMIU6EK\\shail', 'pid': 13044, 'name': 'svchost.exe', 'vms': 2.12890625} 
{'username': None, 'pid': 13064, 'name': 'SearchIndexer.exe', 'vms': 31.38671875} 
{'username': 'LAPTOP-ECMIU6EK\\shail', 'pid': 13072, 'name': 'RuntimeBroker.exe', 'vms': 7.7421875} 
{'username': None, 'pid': 13172, 'name': 'svchost.exe', 'vms': 31.4453125} 
{'username': 'LAPTOP-ECMIU6EK\\shail', 'pid': 13212, 'name': 'dllhost.exe', 'vms': 2.37890625} 
{'username': 'LAPTOP-ECMIU6EK\\shail', 'pid': 13232, 'name': 'AsusUpdateChecker.exe', 'vms': 3.1328125} 
{'username': 'LAPTOP-ECMIU6EK\\shail', 'pid': 13268, 'name': 'msedgewebview2.exe', 'vms': 38.28515625} 
{'username': None, 'pid': 13272, 'name': 'dwm.exe', 'vms': 227.21484375} 
{'username': 'LAPTOP-ECMIU6EK\\shail', 'pid': 13280, 'name': 'conhost.exe', 'vms': 1.4296875} 
{'username': None, 'pid': 13412, 'name': 'AsusDialAgent.exe', 'vms': 6.69140625} 
{'username': 'LAPTOP-ECMIU6EK\\shail', 'pid': 13436, 'name': 'msedge.exe', 'vms': 22.359375} 
{'username': None, 'pid': 13468, 'name': 'svchost.exe', 'vms': 2.5390625} 
{'username': None, 'pid': 13664, 'name': 'svchost.exe', 'vms': 28.96875} 
{'username': 'LAPTOP-ECMIU6EK\\shail', 'pid': 13696, 'name': 'explorer.exe', 'vms': 319.40625} 
{'username': 'LAPTOP-ECMIU6EK\\shail', 'pid': 13928, 'name': 'OpenConsole.exe', 'vms': 3.3125} 
{'username': 'LAPTOP-ECMIU6EK\\shail', 'pid': 13968, 'name': 'msedge.exe', 'vms': 8.85546875} 
{'username': 'LAPTOP-ECMIU6EK\\shail', 'pid': 14364, 'name': 'msedgewebview2.exe', 'vms': 108.76953125} 
{'username': None, 'pid': 14524, 'name': 'svchost.exe', 'vms': 3.890625} 
{'username': 'LAPTOP-ECMIU6EK\\shail', 'pid': 14536, 'name': 'RuntimeBroker.exe', 'vms': 6.10546875} 
{'username': 'LAPTOP-ECMIU6EK\\shail', 'pid': 14620, 'name': 'Code.exe', 'vms': 97.66796875} 
{'username': 'LAPTOP-ECMIU6EK\\shail', 'pid': 14788, 'name': 'msedge.exe', 'vms': 2.28125} 
{'username': 'LAPTOP-ECMIU6EK\\shail', 'pid': 15300, 'name': 'Code.exe', 'vms': 415.484375} 
{'username': 'LAPTOP-ECMIU6EK\\shail', 'pid': 15388, 'name': 'ipf_helper.exe', 'vms': 1.703125} 
{'username': 'LAPTOP-ECMIU6EK\\shail', 'pid': 15408, 'name': 'cmd.exe', 'vms': 2.578125} 
{'username': 'LAPTOP-ECMIU6EK\\shail', 'pid': 15444, 'name': 'msedgewebview2.exe', 'vms': 2.3359375} 
{'username': 'LAPTOP-ECMIU6EK\\shail', 'pid': 15568, 'name': 'svchost.exe', 'vms': 7.65234375} 
{'username': None, 'pid': 15592, 'name': 'NvBroadcast.Container.exe', 'vms': 38.125} 
{'username': 'LAPTOP-ECMIU6EK\\shail', 'pid': 15600, 'name': 'RuntimeBroker.exe', 'vms': 13.73046875} 
{'username': 'LAPTOP-ECMIU6EK\\shail', 'pid': 15968, 'name': 'msedge.exe', 'vms': 14.91015625} 
{'username': 'LAPTOP-ECMIU6EK\\shail', 'pid': 15996, 'name': 'ctfmon.exe', 'vms': 7.69140625} 
{'username': None, 'pid': 16064, 'name': 'WmiPrvSE.exe', 'vms': 6.7578125} 
{'username': 'LAPTOP-ECMIU6EK\\shail', 'pid': 16072, 'name': 'jusched.exe', 'vms': 1.46484375} 
{'username': None, 'pid': 16572, 'name': 'svchost.exe', 'vms': 1.66015625} 
{'username': None, 'pid': 16664, 'name': 'svchost.exe', 'vms': 3.96875} 
{'username': None, 'pid': 16924, 'name': 'svchost.exe', 'vms': 2.125} 
{'username': 'LAPTOP-ECMIU6EK\\shail', 'pid': 16960, 'name': 'svchost.exe', 'vms': 3.75390625} 
{'username': 'LAPTOP-ECMIU6EK\\shail', 'pid': 17084, 'name': 'WidgetService.exe', 'vms': 4.9765625} 
{'username': 'LAPTOP-ECMIU6EK\\shail', 'pid': 17140, 'name': 'svchost.exe', 'vms': 3.828125} 
{'username': 'LAPTOP-ECMIU6EK\\shail', 'pid': 17160, 'name': 'Code.exe', 'vms': 559.5625} 
{'username': 'LAPTOP-ECMIU6EK\\shail', 'pid': 17204, 'name': 'CrossDeviceService.exe', 'vms': 35.93359375} 
{'username': 'LAPTOP-ECMIU6EK\\shail', 'pid': 17240, 'name': 'LockApp.exe', 'vms': 53.46484375} 
{'username': None, 'pid': 17280, 'name': 'svchost.exe', 'vms': 1.90234375} 
{'username': 'LAPTOP-ECMIU6EK\\shail', 'pid': 17292, 'name': 'PhoneExperienceHost.exe', 'vms': 83.3515625} 
{'username': 'LAPTOP-ECMIU6EK\\shail', 'pid': 17416, 'name': 'msedge.exe', 'vms': 43.84375} 
{'username': None, 'pid': 17448, 'name': 'svchost.exe', 'vms': 2.35546875} 
{'username': 'LAPTOP-ECMIU6EK\\shail', 'pid': 17768, 'name': 'msedge.exe', 'vms': 211.18359375} 
{'username': None, 'pid': 17852, 'name': 'svchost.exe', 'vms': 1.76171875} 
{'username': 'LAPTOP-ECMIU6EK\\shail', 'pid': 17956, 'name': 'msedgewebview2.exe', 'vms': 13.37890625} 
{'username': 'LAPTOP-ECMIU6EK\\shail', 'pid': 18312, 'name': 'AsusProArtHost.exe', 'vms': 2.31640625} 
{'username': None, 'pid': 18396, 'name': 'NisSrv.exe', 'vms': 4.34375} 
{'username': 'LAPTOP-ECMIU6EK\\shail', 'pid': 18664, 'name': 'AsusOSD.exe', 'vms': 3.171875} 
{'username': 'LAPTOP-ECMIU6EK\\shail', 'pid': 18704, 'name': 'WhatsApp.exe', 'vms': 67.31640625} 
{'username': None, 'pid': 18708, 'name': 'MsMpEng.exe', 'vms': 361.01953125} 
{'username': 'LAPTOP-ECMIU6EK\\shail', 'pid': 18944, 'name': 'RuntimeBroker.exe', 'vms': 15.63671875} 
{'username': 'LAPTOP-ECMIU6EK\\shail', 'pid': 19008, 'name': 'Code.exe', 'vms': 92.3203125} 
{'username': 'LAPTOP-ECMIU6EK\\shail', 'pid': 19072, 'name': 'AsusOLEDShifter.exe', 'vms': 2.2421875} 
{'username': 'LAPTOP-ECMIU6EK\\shail', 'pid': 19144, 'name': 'Code.exe', 'vms': 142.71875} 
{'username': 'LAPTOP-ECMIU6EK\\shail', 'pid': 19248, 'name': 'Widgets.exe', 'vms': 12.2578125} 
{'username': None, 'pid': 19668, 'name': 'WmiApSrv.exe', 'vms': 2.703125} 
{'username': 'LAPTOP-ECMIU6EK\\shail', 'pid': 19904, 'name': 'svchost.exe', 'vms': 1.80859375} 
{'username': None, 'pid': 19992, 'name': 'TiWorker.exe', 'vms': 3.3984375} 
{'username': 'LAPTOP-ECMIU6EK\\shail', 'pid': 20048, 'name': 'RuntimeBroker.exe', 'vms': 1.9453125} 
{'username': 'LAPTOP-ECMIU6EK\\shail', 'pid': 20112, 'name': 'conhost.exe', 'vms': 1.16015625} 
{'username': 'LAPTOP-ECMIU6EK\\shail', 'pid': 20132, 'name': 'ApplicationFrameHost.exe', 'vms': 63.0546875} 
