--------------------------------------------------
Marvellous Infosystem Process Log
Log file is created at : Wed Jun 18 09:00:12 2025
--------------------------------------------------
{'username': 'NT AUTHORITY\\SYSTEM', 'name': 'System Idle Process', 'pid': 0, 'vms': 0.05859375} 
{'username': 'NT AUTHORITY\\SYSTEM', 'name': 'System', 'pid': 4, 'vms': 0.08203125} 
{'username': None, 'name': '', 'pid': 236, 'vms': 0.16796875} 
{'username': None, 'name': 'Registry', 'pid': 280, 'vms': 11.1328125} 
{'username': 'LAPTOP-ECMIU6EK\\shail', 'name': 'Code.exe', 'pid': 504, 'vms': 82.44140625} 
{'username': 'LAPTOP-ECMIU6EK\\shail', 'name': 'StartMenuExperienceHost.exe', 'pid': 516, 'vms': 83.1328125} 
{'username': None, 'name': 'winlogon.exe', 'pid': 520, 'vms': 2.6484375} 
{'username': 'LAPTOP-ECMIU6EK\\shail', 'name': 'conhost.exe', 'pid': 592, 'vms': 1.34765625} 
{'username': 'LAPTOP-ECMIU6EK\\shail', 'name': 'UserOOBEBroker.exe', 'pid': 712, 'vms': 1.7265625} 
{'username': None, 'name': 'smss.exe', 'pid': 864, 'vms': 1.14453125} 
{'username': None, 'name': 'svchost.exe', 'pid': 880, 'vms': 2.05078125} 
{'username': None, 'name': 'svchost.exe', 'pid': 1260, 'vms': 2.3203125} 
{'username': None, 'name': 'csrss.exe', 'pid': 1272, 'vms': 2.75} 
{'username': None, 'name': 'wininit.exe', 'pid': 1392, 'vms': 1.73046875} 
{'username': None, 'name': 'services.exe', 'pid': 1460, 'vms': 6.78515625} 
{'username': None, 'name': 'LsaIso.exe', 'pid': 1480, 'vms': 1.82421875} 
{'username': None, 'name': 'lsass.exe', 'pid': 1488, 'vms': 12.8671875} 
{'username': None, 'name': 'svchost.exe', 'pid': 1616, 'vms': 7.1015625} 
{'username': None, 'name': 'svchost.exe', 'pid': 1620, 'vms': 1.234375} 
{'username': 'LAPTOP-ECMIU6EK\\shail', 'name': 'msedge.exe', 'pid': 1680, 'vms': 22.14453125} 
{'username': None, 'name': 'svchost.exe', 'pid': 1704, 'vms': 18.63671875} 
{'username': 'LAPTOP-ECMIU6EK\\shail', 'name': 'Code.exe', 'pid': 1716, 'vms': 10.6953125} 
{'username': None, 'name': 'WUDFHost.exe', 'pid': 1736, 'vms': 2.625} 
{'username': None, 'name': 'fontdrvhost.exe', 'pid': 1744, 'vms': 1.90234375} 
{'username': 'LAPTOP-ECMIU6EK\\shail', 'name': 'python.exe', 'pid': 1756, 'vms': 46.8984375} 
{'username': 'LAPTOP-ECMIU6EK\\shail', 'name': 'ShellExperienceHost.exe', 'pid': 1768, 'vms': 51.0625} 
{'username': None, 'name': 'svchost.exe', 'pid': 1868, 'vms': 11.0390625} 
{'username': None, 'name': 'svchost.exe', 'pid': 1888, 'vms': 12.3125} 
{'username': 'LAPTOP-ECMIU6EK\\shail', 'name': 'SystemSettings.exe', 'pid': 1928, 'vms': 146.9765625} 
{'username': None, 'name': 'svchost.exe', 'pid': 1932, 'vms': 3.58984375} 
{'username': None, 'name': 'WUDFHost.exe', 'pid': 1968, 'vms': 9.71875} 
{'username': 'LAPTOP-ECMIU6EK\\shail', 'name': 'ShellHost.exe', 'pid': 1988, 'vms': 41.796875} 
{'username': None, 'name': 'svchost.exe', 'pid': 2128, 'vms': 3.91015625} 
{'username': None, 'name': 'svchost.exe', 'pid': 2156, 'vms': 2.43359375} 
{'username': None, 'name': 'svchost.exe', 'pid': 2164, 'vms': 3.234375} 
{'username': None, 'name': 'svchost.exe', 'pid': 2172, 'vms': 2.33984375} 
{'username': None, 'name': 'svchost.exe', 'pid': 2180, 'vms': 2.8359375} 
{'username': 'LAPTOP-ECMIU6EK\\shail', 'name': 'nvcontainer.exe', 'pid': 2272, 'vms': 22.4765625} 
{'username': None, 'name': 'IntelCpHDCPSvc.exe', 'pid': 2284, 'vms': 1.51953125} 
{'username': None, 'name': 'svchost.exe', 'pid': 2316, 'vms': 3.55078125} 
{'username': None, 'name': 'svchost.exe', 'pid': 2352, 'vms': 2.1953125} 
{'username': None, 'name': 'svchost.exe', 'pid': 2448, 'vms': 6.44921875} 
{'username': None, 'name': 'svchost.exe', 'pid': 2464, 'vms': 6.83203125} 
{'username': None, 'name': 'svchost.exe', 'pid': 2488, 'vms': 2.55859375} 
{'username': None, 'name': 'svchost.exe', 'pid': 2700, 'vms': 3.8203125} 
{'username': 'LAPTOP-ECMIU6EK\\shail', 'name': 'FileCoAuth.exe', 'pid': 2744, 'vms': 5.9375} 
{'username': None, 'name': 'svchost.exe', 'pid': 2808, 'vms': 3.0625} 
{'username': None, 'name': 'svchost.exe', 'pid': 3016, 'vms': 1.890625} 
{'username': 'LAPTOP-ECMIU6EK\\shail', 'name': 'msedgewebview2.exe', 'pid': 3028, 'vms': 2.29296875} 
{'username': None, 'name': 'svchost.exe', 'pid': 3112, 'vms': 6.078125} 
{'username': None, 'name': 'NVDisplay.Container.exe', 'pid': 3148, 'vms': 37.2421875} 
{'username': None, 'name': 'WUDFHost.exe', 'pid': 3228, 'vms': 2.0078125} 
{'username': None, 'name': 'svchost.exe', 'pid': 3252, 'vms': 16.9375} 
{'username': None, 'name': 'svchost.exe', 'pid': 3284, 'vms': 34.5546875} 
{'username': None, 'name': 'svchost.exe', 'pid': 3340, 'vms': 2.546875} 
{'username': None, 'name': 'svchost.exe', 'pid': 3356, 'vms': 3.46875} 
{'username': None, 'name': 'svchost.exe', 'pid': 3364, 'vms': 1.515625} 
{'username': None, 'name': 'svchost.exe', 'pid': 3372, 'vms': 2.13671875} 
{'username': None, 'name': 'WUDFHost.exe', 'pid': 3480, 'vms': 5.1171875} 
{'username': None, 'name': 'svchost.exe', 'pid': 3600, 'vms': 2.09375} 
{'username': None, 'name': 'MemCompression', 'pid': 3620, 'vms': 1.27734375} 
{'username': None, 'name': 'svchost.exe', 'pid': 3672, 'vms': 3.9765625} 
{'username': None, 'name': 'svchost.exe', 'pid': 3720, 'vms': 2.34765625} 
{'username': None, 'name': 'svchost.exe', 'pid': 3728, 'vms': 2.5234375} 
{'username': None, 'name': 'svchost.exe', 'pid': 3876, 'vms': 1.97265625} 
{'username': None, 'name': 'svchost.exe', 'pid': 3888, 'vms': 4.62890625} 
{'username': 'LAPTOP-ECMIU6EK\\shail', 'name': 'RuntimeBroker.exe', 'pid': 3896, 'vms': 2.46484375} 
{'username': None, 'name': 'svchost.exe', 'pid': 3948, 'vms': 1.703125} 
{'username': None, 'name': 'AsusAppService.exe', 'pid': 4192, 'vms': 5.5625} 
{'username': None, 'name': 'svchost.exe', 'pid': 4316, 'vms': 2.3984375} 
{'username': None, 'name': 'MpDefenderCoreService.exe', 'pid': 4336, 'vms': 12.390625} 
{'username': None, 'name': 'svchost.exe', 'pid': 4364, 'vms': 7.21484375} 
{'username': 'LAPTOP-ECMIU6EK\\shail', 'name': 'msedgewebview2.exe', 'pid': 4376, 'vms': 41.234375} 
{'username': None, 'name': 'AsusOptimization.exe', 'pid': 4392, 'vms': 2.94140625} 
{'username': None, 'name': 'svchost.exe', 'pid': 4400, 'vms': 3.609375} 
{'username': 'LAPTOP-ECMIU6EK\\shail', 'name': 'Code.exe', 'pid': 4564, 'vms': 118.21484375} 
{'username': None, 'name': 'spoolsv.exe', 'pid': 4600, 'vms': 9.5625} 
{'username': 'LAPTOP-ECMIU6EK\\shail', 'name': 'powershell.exe', 'pid': 4648, 'vms': 55.62890625} 
{'username': None, 'name': 'svchost.exe', 'pid': 4668, 'vms': 14.88671875} 
{'username': 'LAPTOP-ECMIU6EK\\shail', 'name': 'AsusOptimizationStartupTask.exe', 'pid': 4800, 'vms': 4.296875} 
{'username': None, 'name': 'svchost.exe', 'pid': 4836, 'vms': 1.7421875} 
{'username': None, 'name': 'svchost.exe', 'pid': 4888, 'vms': 12.546875} 
{'username': None, 'name': 'NVDisplay.Container.exe', 'pid': 4908, 'vms': 33.73828125} 
{'username': None, 'name': 'svchost.exe', 'pid': 4948, 'vms': 3.09375} 
{'username': None, 'name': 'svchost.exe', 'pid': 4972, 'vms': 1.98828125} 
{'username': None, 'name': 'svchost.exe', 'pid': 5088, 'vms': 1.51171875} 
{'username': None, 'name': 'AggregatorHost.exe', 'pid': 5112, 'vms': 4.1640625} 
{'username': None, 'name': 'AsusProArtUpdateService.exe', 'pid': 5124, 'vms': 9.453125} 
{'username': None, 'name': 'AsusProArtService.exe', 'pid': 5132, 'vms': 4.92578125} 
{'username': None, 'name': 'AsusDialService.exe', 'pid': 5140, 'vms': 3.49609375} 
{'username': None, 'name': 'AsusSystemAnalysis.exe', 'pid': 5152, 'vms': 6.015625} 
{'username': None, 'name': 'AsusSystemDiagnosis.exe', 'pid': 5160, 'vms': 6.81640625} 
{'username': None, 'name': 'AsusSoftwareManager.exe', 'pid': 5168, 'vms': 5.796875} 
{'username': None, 'name': 'DAX3API.exe', 'pid': 5176, 'vms': 7.41796875} 
{'username': None, 'name': 'AsusSwitch.exe', 'pid': 5184, 'vms': 2.5859375} 
{'username': None, 'name': 'GlideXNearService.exe', 'pid': 5196, 'vms': 2.6640625} 
{'username': None, 'name': 'svchost.exe', 'pid': 5204, 'vms': 30.71875} 
{'username': None, 'name': 'svchost.exe', 'pid': 5212, 'vms': 30.7109375} 
{'username': None, 'name': 'wlanext.exe', 'pid': 5220, 'vms': 3.03125} 
{'username': None, 'name': 'svchost.exe', 'pid': 5228, 'vms': 13.5546875} 
{'username': None, 'name': 'GlideXRemoteService.exe', 'pid': 5236, 'vms': 3.63671875} 
{'username': None, 'name': 'ipfsvc.exe', 'pid': 5256, 'vms': 2.76171875} 
{'username': None, 'name': 'GlideXServiceExt.exe', 'pid': 5312, 'vms': 3.19921875} 
{'username': None, 'name': 'OneApp.IGCC.WinService.exe', 'pid': 5348, 'vms': 43.54296875} 
{'username': None, 'name': 'GlideXService.exe', 'pid': 5356, 'vms': 5.7109375} 
{'username': 'LAPTOP-ECMIU6EK\\shail', 'name': 'taskhostw.exe', 'pid': 5368, 'vms': 7.296875} 
{'username': None, 'name': 'IntelAudioService.exe', 'pid': 5480, 'vms': 39.12890625} 
{'username': None, 'name': 'svchost.exe', 'pid': 5496, 'vms': 3.671875} 
{'username': None, 'name': 'svchost.exe', 'pid': 5560, 'vms': 3.0078125} 
{'username': 'LAPTOP-ECMIU6EK\\shail', 'name': 'Code.exe', 'pid': 5576, 'vms': 28.1640625} 
{'username': None, 'name': 'jhi_service.exe', 'pid': 5664, 'vms': 1.38671875} 
{'username': None, 'name': 'NgcIso.exe', 'pid': 5672, 'vms': 2.5546875} 
{'username': None, 'name': 'NvBroadcast.Container.exe', 'pid': 5772, 'vms': 3.01953125} 
{'username': None, 'name': 'nvcontainer.exe', 'pid': 5784, 'vms': 12.98046875} 
{'username': 'LAPTOP-ECMIU6EK\\shail', 'name': 'msedgewebview2.exe', 'pid': 5792, 'vms': 123.67578125} 
{'username': None, 'name': 'RstMwService.exe', 'pid': 5800, 'vms': 2.52734375} 
{'username': None, 'name': 'RtkAudUService64.exe', 'pid': 5808, 'vms': 5.1640625} 
{'username': None, 'name': 'ipf_uf.exe', 'pid': 5832, 'vms': 2.05078125} 
{'username': None, 'name': 'svchost.exe', 'pid': 5876, 'vms': 1.44140625} 
{'username': None, 'name': 'WMIRegistrationService.exe', 'pid': 5920, 'vms': 2.98046875} 
{'username': None, 'name': 'svchost.exe', 'pid': 5960, 'vms': 5.47265625} 
{'username': None, 'name': 'svchost.exe', 'pid': 5972, 'vms': 1.94921875} 
{'username': 'LAPTOP-ECMIU6EK\\shail', 'name': 'svchost.exe', 'pid': 6080, 'vms': 2.359375} 
{'username': 'LAPTOP-ECMIU6EK\\shail', 'name': 'msedgewebview2.exe', 'pid': 6100, 'vms': 9.5078125} 
{'username': 'LAPTOP-ECMIU6EK\\shail', 'name': 'msedge.exe', 'pid': 6340, 'vms': 37.60546875} 
{'username': None, 'name': 'svchost.exe', 'pid': 6428, 'vms': 2.37890625} 
{'username': None, 'name': 'svchost.exe', 'pid': 6592, 'vms': 2.0625} 
{'username': None, 'name': 'Intel_PIE_Service.exe', 'pid': 6604, 'vms': 2.52734375} 
{'username': 'LAPTOP-ECMIU6EK\\shail', 'name': 'AsusSoftwareManagerAgent.exe', 'pid': 6652, 'vms': 48.16796875} 
{'username': None, 'name': 'svchost.exe', 'pid': 6660, 'vms': 7.4375} 
{'username': 'LAPTOP-ECMIU6EK\\shail', 'name': 'dllhost.exe', 'pid': 6924, 'vms': 1.625} 
{'username': None, 'name': 'svchost.exe', 'pid': 7012, 'vms': 1.94140625} 
{'username': 'LAPTOP-ECMIU6EK\\shail', 'name': 'msedgewebview2.exe', 'pid': 7052, 'vms': 80.25390625} 
{'username': None, 'name': 'svchost.exe', 'pid': 7064, 'vms': 6.5390625} 
{'username': None, 'name': 'svchost.exe', 'pid': 7332, 'vms': 7.09765625} 
{'username': None, 'name': 'unsecapp.exe', 'pid': 7368, 'vms': 2.70703125} 
{'username': 'LAPTOP-ECMIU6EK\\shail', 'name': 'svchost.exe', 'pid': 7436, 'vms': 5.30859375} 
{'username': None, 'name': 'WmiPrvSE.exe', 'pid': 7508, 'vms': 37.8125} 
{'username': 'LAPTOP-ECMIU6EK\\shail', 'name': 'sihost.exe', 'pid': 7800, 'vms': 7.58984375} 
{'username': 'LAPTOP-ECMIU6EK\\shail', 'name': 'msedgewebview2.exe', 'pid': 7848, 'vms': 12.13671875} 
{'username': 'LAPTOP-ECMIU6EK\\shail', 'name': 'msedge.exe', 'pid': 7864, 'vms': 78.54296875} 
{'username': None, 'name': 'RtkAudUService64.exe', 'pid': 7876, 'vms': 6.39453125} 
{'username': None, 'name': 'svchost.exe', 'pid': 8164, 'vms': 2.45703125} 
{'username': None, 'name': 'svchost.exe', 'pid': 8236, 'vms': 3.8203125} 
{'username': None, 'name': 'csrss.exe', 'pid': 8240, 'vms': 2.96484375} 
{'username': None, 'name': 'gamingservicesnet.exe', 'pid': 8728, 'vms': 4.9140625} 
{'username': None, 'name': 'gamingservices.exe', 'pid': 8856, 'vms': 12.66015625} 
{'username': 'LAPTOP-ECMIU6EK\\shail', 'name': 'svchost.exe', 'pid': 8968, 'vms': 9.9453125} 
{'username': None, 'name': 'svchost.exe', 'pid': 9024, 'vms': 1.0390625} 
{'username': None, 'name': 'svchost.exe', 'pid': 9032, 'vms': 2.734375} 
{'username': None, 'name': 'svchost.exe', 'pid': 9312, 'vms': 2.7734375} 
{'username': None, 'name': 'svchost.exe', 'pid': 9416, 'vms': 7.98046875} 
{'username': 'LAPTOP-ECMIU6EK\\shail', 'name': 'msedge.exe', 'pid': 9512, 'vms': 8.94140625} 
{'username': 'LAPTOP-ECMIU6EK\\shail', 'name': 'nvcontainer.exe', 'pid': 9640, 'vms': 15.00390625} 
{'username': None, 'name': 'svchost.exe', 'pid': 9764, 'vms': 9.1171875} 
{'username': None, 'name': 'fontdrvhost.exe', 'pid': 9920, 'vms': 2.09375} 
{'username': None, 'name': 'svchost.exe', 'pid': 10028, 'vms': 3.08203125} 
{'username': 'LAPTOP-ECMIU6EK\\shail', 'name': 'Code.exe', 'pid': 10152, 'vms': 13.7890625} 
{'username': 'LAPTOP-ECMIU6EK\\shail', 'name': 'RuntimeBroker.exe', 'pid': 10184, 'vms': 2.828125} 
{'username': 'LAPTOP-ECMIU6EK\\shail', 'name': 'AsusSystemAnalysis.exe', 'pid': 10192, 'vms': 2.16015625} 
{'username': None, 'name': 'nvcontainer.exe', 'pid': 10616, 'vms': 27.5} 
{'username': 'LAPTOP-ECMIU6EK\\shail', 'name': 'Code.exe', 'pid': 10636, 'vms': 271.7734375} 
{'username': 'LAPTOP-ECMIU6EK\\shail', 'name': 'RuntimeBroker.exe', 'pid': 10668, 'vms': 5.61328125} 
{'username': None, 'name': 'svchost.exe', 'pid': 10752, 'vms': 1.328125} 
{'username': 'LAPTOP-ECMIU6EK\\shail', 'name': 'SecurityHealthSystray.exe', 'pid': 10772, 'vms': 2.05859375} 
{'username': 'LAPTOP-ECMIU6EK\\shail', 'name': 'WindowsTerminal.exe', 'pid': 10792, 'vms': 82.1796875} 
{'username': 'LAPTOP-ECMIU6EK\\shail', 'name': 'OneDrive.exe', 'pid': 10816, 'vms': 97.58203125} 
{'username': 'LAPTOP-ECMIU6EK\\shail', 'name': 'msedge.exe', 'pid': 10904, 'vms': 117.69140625} 
{'username': 'LAPTOP-ECMIU6EK\\shail', 'name': 'msedgewebview2.exe', 'pid': 10920, 'vms': 108.76171875} 
{'username': 'LAPTOP-ECMIU6EK\\shail', 'name': 'SearchHost.exe', 'pid': 11028, 'vms': 80.1015625} 
{'username': None, 'name': 'svchost.exe', 'pid': 11096, 'vms': 3.35546875} 
{'username': 'LAPTOP-ECMIU6EK\\shail', 'name': 'TextInputHost.exe', 'pid': 11256, 'vms': 56.5625} 
{'username': None, 'name': 'SecurityHealthService.exe', 'pid': 11320, 'vms': 8.46875} 
{'username': 'LAPTOP-ECMIU6EK\\shail', 'name': 'msedge.exe', 'pid': 11492, 'vms': 105.859375} 
{'username': None, 'name': 'svchost.exe', 'pid': 11532, 'vms': 2.96484375} 
{'username': None, 'name': 'FileSyncHelper.exe', 'pid': 11592, 'vms': 7.84765625} 
{'username': 'LAPTOP-ECMIU6EK\\shail', 'name': 'msedgewebview2.exe', 'pid': 11732, 'vms': 9.04296875} 
{'username': None, 'name': 'svchost.exe', 'pid': 11792, 'vms': 11.30859375} 
{'username': None, 'name': 'svchost.exe', 'pid': 12112, 'vms': 12.20703125} 
{'username': 'LAPTOP-ECMIU6EK\\shail', 'name': 'RtkAudUService64.exe', 'pid': 12316, 'vms': 6.46875} 
{'username': None, 'name': 'DAX3API.exe', 'pid': 12732, 'vms': 2.84765625} 
{'username': 'LAPTOP-ECMIU6EK\\shail', 'name': 'SnippingTool.exe', 'pid': 12760, 'vms': 62.54296875} 
{'username': 'LAPTOP-ECMIU6EK\\shail', 'name': 'svchost.exe', 'pid': 13044, 'vms': 2.07421875} 
{'username': None, 'name': 'SearchIndexer.exe', 'pid': 13064, 'vms': 31.46875} 
{'username': 'LAPTOP-ECMIU6EK\\shail', 'name': 'RuntimeBroker.exe', 'pid': 13072, 'vms': 7.8828125} 
{'username': None, 'name': 'svchost.exe', 'pid': 13172, 'vms': 31.328125} 
{'username': 'LAPTOP-ECMIU6EK\\shail', 'name': 'dllhost.exe', 'pid': 13212, 'vms': 2.37890625} 
{'username': 'LAPTOP-ECMIU6EK\\shail', 'name': 'msedgewebview2.exe', 'pid': 13268, 'vms': 37.046875} 
{'username': None, 'name': 'dwm.exe', 'pid': 13272, 'vms': 243.97265625} 
{'username': 'LAPTOP-ECMIU6EK\\shail', 'name': 'conhost.exe', 'pid': 13280, 'vms': 1.4296875} 
{'username': None, 'name': 'AsusDialAgent.exe', 'pid': 13412, 'vms': 6.73046875} 
{'username': 'LAPTOP-ECMIU6EK\\shail', 'name': 'msedge.exe', 'pid': 13436, 'vms': 22.37109375} 
{'username': None, 'name': 'svchost.exe', 'pid': 13468, 'vms': 2.47265625} 
{'username': None, 'name': 'svchost.exe', 'pid': 13664, 'vms': 26.125} 
{'username': 'LAPTOP-ECMIU6EK\\shail', 'name': 'explorer.exe', 'pid': 13696, 'vms': 320.484375} 
{'username': 'LAPTOP-ECMIU6EK\\shail', 'name': 'OpenConsole.exe', 'pid': 13928, 'vms': 3.30859375} 
{'username': 'LAPTOP-ECMIU6EK\\shail', 'name': 'msedge.exe', 'pid': 13968, 'vms': 8.85546875} 
{'username': 'LAPTOP-ECMIU6EK\\shail', 'name': 'msedgewebview2.exe', 'pid': 14364, 'vms': 108.76953125} 
{'username': None, 'name': 'svchost.exe', 'pid': 14524, 'vms': 3.83984375} 
{'username': 'LAPTOP-ECMIU6EK\\shail', 'name': 'RuntimeBroker.exe', 'pid': 14536, 'vms': 6.10546875} 
{'username': 'LAPTOP-ECMIU6EK\\shail', 'name': 'Code.exe', 'pid': 14620, 'vms': 97.72265625} 
{'username': 'LAPTOP-ECMIU6EK\\shail', 'name': 'msedge.exe', 'pid': 14788, 'vms': 2.28125} 
{'username': 'LAPTOP-ECMIU6EK\\shail', 'name': 'Code.exe', 'pid': 15300, 'vms': 469.078125} 
{'username': 'LAPTOP-ECMIU6EK\\shail', 'name': 'ipf_helper.exe', 'pid': 15388, 'vms': 1.703125} 
{'username': 'LAPTOP-ECMIU6EK\\shail', 'name': 'cmd.exe', 'pid': 15408, 'vms': 2.18359375} 
{'username': 'LAPTOP-ECMIU6EK\\shail', 'name': 'msedgewebview2.exe', 'pid': 15444, 'vms': 2.296875} 
{'username': 'LAPTOP-ECMIU6EK\\shail', 'name': 'svchost.exe', 'pid': 15568, 'vms': 7.60546875} 
{'username': None, 'name': 'NvBroadcast.Container.exe', 'pid': 15592, 'vms': 38.125} 
{'username': 'LAPTOP-ECMIU6EK\\shail', 'name': 'RuntimeBroker.exe', 'pid': 15600, 'vms': 13.6640625} 
{'username': 'LAPTOP-ECMIU6EK\\shail', 'name': 'msedge.exe', 'pid': 15968, 'vms': 14.91796875} 
{'username': 'LAPTOP-ECMIU6EK\\shail', 'name': 'ctfmon.exe', 'pid': 15996, 'vms': 7.60546875} 
{'username': 'LAPTOP-ECMIU6EK\\shail', 'name': 'jusched.exe', 'pid': 16072, 'vms': 1.46484375} 
{'username': None, 'name': 'svchost.exe', 'pid': 16572, 'vms': 1.66015625} 
{'username': None, 'name': 'svchost.exe', 'pid': 16664, 'vms': 3.8984375} 
{'username': None, 'name': 'svchost.exe', 'pid': 16924, 'vms': 2.0625} 
{'username': 'LAPTOP-ECMIU6EK\\shail', 'name': 'svchost.exe', 'pid': 16960, 'vms': 3.75390625} 
{'username': 'LAPTOP-ECMIU6EK\\shail', 'name': 'WidgetService.exe', 'pid': 17084, 'vms': 4.9765625} 
{'username': 'LAPTOP-ECMIU6EK\\shail', 'name': 'svchost.exe', 'pid': 17140, 'vms': 3.67578125} 
{'username': 'LAPTOP-ECMIU6EK\\shail', 'name': 'Code.exe', 'pid': 17160, 'vms': 527.39453125} 
{'username': 'LAPTOP-ECMIU6EK\\shail', 'name': 'CrossDeviceService.exe', 'pid': 17204, 'vms': 35.92578125} 
{'username': 'LAPTOP-ECMIU6EK\\shail', 'name': 'LockApp.exe', 'pid': 17240, 'vms': 53.46484375} 
{'username': None, 'name': 'svchost.exe', 'pid': 17280, 'vms': 1.7734375} 
{'username': 'LAPTOP-ECMIU6EK\\shail', 'name': 'PhoneExperienceHost.exe', 'pid': 17292, 'vms': 83.4453125} 
{'username': 'LAPTOP-ECMIU6EK\\shail', 'name': 'msedge.exe', 'pid': 17416, 'vms': 43.55859375} 
{'username': None, 'name': 'svchost.exe', 'pid': 17448, 'vms': 2.2890625} 
{'username': 'LAPTOP-ECMIU6EK\\shail', 'name': 'python.exe', 'pid': 17540, 'vms': 13.56640625} 
{'username': 'LAPTOP-ECMIU6EK\\shail', 'name': 'smartscreen.exe', 'pid': 17736, 'vms': 2.66015625} 
{'username': 'LAPTOP-ECMIU6EK\\shail', 'name': 'msedge.exe', 'pid': 17768, 'vms': 208.109375} 
{'username': 'LAPTOP-ECMIU6EK\\shail', 'name': 'msedgewebview2.exe', 'pid': 17956, 'vms': 13.1640625} 
{'username': 'LAPTOP-ECMIU6EK\\shail', 'name': 'AsusProArtHost.exe', 'pid': 18312, 'vms': 2.46484375} 
{'username': None, 'name': 'NisSrv.exe', 'pid': 18396, 'vms': 4.31640625} 
{'username': 'LAPTOP-ECMIU6EK\\shail', 'name': 'AsusOSD.exe', 'pid': 18664, 'vms': 3.171875} 
{'username': 'LAPTOP-ECMIU6EK\\shail', 'name': 'WhatsApp.exe', 'pid': 18704, 'vms': 67.31640625} 
{'username': None, 'name': 'MsMpEng.exe', 'pid': 18708, 'vms': 366.4140625} 
{'username': 'LAPTOP-ECMIU6EK\\shail', 'name': 'RuntimeBroker.exe', 'pid': 18944, 'vms': 15.54296875} 
{'username': 'LAPTOP-ECMIU6EK\\shail', 'name': 'Code.exe', 'pid': 19008, 'vms': 92.23828125} 
{'username': 'LAPTOP-ECMIU6EK\\shail', 'name': 'AsusOLEDShifter.exe', 'pid': 19072, 'vms': 2.08203125} 
{'username': 'LAPTOP-ECMIU6EK\\shail', 'name': 'Code.exe', 'pid': 19144, 'vms': 152.17578125} 
{'username': 'LAPTOP-ECMIU6EK\\shail', 'name': 'Widgets.exe', 'pid': 19248, 'vms': 12.15625} 
{'username': None, 'name': 'WmiApSrv.exe', 'pid': 19668, 'vms': 2.703125} 
{'username': 'LAPTOP-ECMIU6EK\\shail', 'name': 'svchost.exe', 'pid': 19904, 'vms': 1.7578125} 
{'username': 'LAPTOP-ECMIU6EK\\shail', 'name': 'conhost.exe', 'pid': 20112, 'vms': 1.16015625} 
{'username': 'LAPTOP-ECMIU6EK\\shail', 'name': 'ApplicationFrameHost.exe', 'pid': 20132, 'vms': 63.0546875} 
