--------------------------------------------------
Marvellous Infosystem Process Log
Log file is created at : Wed Jun 18 08:46:05 2025
--------------------------------------------------
{'pid': 0, 'username': 'NT AUTHORITY\\SYSTEM', 'name': 'System Idle Process', 'vms': 0.05859375} 
{'pid': 4, 'username': 'NT AUTHORITY\\SYSTEM', 'name': 'System', 'vms': 0.08203125} 
{'pid': 236, 'username': None, 'name': '', 'vms': 0.16796875} 
{'pid': 280, 'username': None, 'name': 'Registry', 'vms': 11.3828125} 
{'pid': 504, 'username': 'LAPTOP-ECMIU6EK\\shail', 'name': 'Code.exe', 'vms': 82.421875} 
{'pid': 516, 'username': 'LAPTOP-ECMIU6EK\\shail', 'name': 'StartMenuExperienceHost.exe', 'vms': 83.25390625} 
{'pid': 520, 'username': None, 'name': 'winlogon.exe', 'vms': 2.6484375} 
{'pid': 592, 'username': 'LAPTOP-ECMIU6EK\\shail', 'name': 'conhost.exe', 'vms': 1.34765625} 
{'pid': 712, 'username': 'LAPTOP-ECMIU6EK\\shail', 'name': 'UserOOBEBroker.exe', 'vms': 1.7265625} 
{'pid': 864, 'username': None, 'name': 'smss.exe', 'vms': 1.14453125} 
{'pid': 880, 'username': None, 'name': 'svchost.exe', 'vms': 2.05078125} 
{'pid': 1260, 'username': None, 'name': 'svchost.exe', 'vms': 2.3203125} 
{'pid': 1272, 'username': None, 'name': 'csrss.exe', 'vms': 2.74609375} 
{'pid': 1392, 'username': None, 'name': 'wininit.exe', 'vms': 1.73046875} 
{'pid': 1460, 'username': None, 'name': 'services.exe', 'vms': 7.11328125} 
{'pid': 1480, 'username': None, 'name': 'LsaIso.exe', 'vms': 1.82421875} 
{'pid': 1488, 'username': None, 'name': 'lsass.exe', 'vms': 12.84765625} 
{'pid': 1616, 'username': None, 'name': 'svchost.exe', 'vms': 7.30859375} 
{'pid': 1620, 'username': None, 'name': 'svchost.exe', 'vms': 1.234375} 
{'pid': 1680, 'username': 'LAPTOP-ECMIU6EK\\shail', 'name': 'msedge.exe', 'vms': 22.12890625} 
{'pid': 1704, 'username': None, 'name': 'svchost.exe', 'vms': 18.1796875} 
{'pid': 1716, 'username': 'LAPTOP-ECMIU6EK\\shail', 'name': 'Code.exe', 'vms': 10.6953125} 
{'pid': 1736, 'username': None, 'name': 'WUDFHost.exe', 'vms': 2.625} 
{'pid': 1744, 'username': None, 'name': 'fontdrvhost.exe', 'vms': 1.90234375} 
{'pid': 1756, 'username': 'LAPTOP-ECMIU6EK\\shail', 'name': 'python.exe', 'vms': 43.58203125} 
{'pid': 1768, 'username': 'LAPTOP-ECMIU6EK\\shail', 'name': 'ShellExperienceHost.exe', 'vms': 51.0625} 
{'pid': 1868, 'username': None, 'name': 'svchost.exe', 'vms': 11.109375} 
{'pid': 1888, 'username': None, 'name': 'svchost.exe', 'vms': 12.3984375} 
{'pid': 1928, 'username': 'LAPTOP-ECMIU6EK\\shail', 'name': 'SystemSettings.exe', 'vms': 146.9765625} 
{'pid': 1932, 'username': None, 'name': 'svchost.exe', 'vms': 3.5546875} 
{'pid': 1968, 'username': None, 'name': 'WUDFHost.exe', 'vms': 9.74609375} 
{'pid': 1988, 'username': 'LAPTOP-ECMIU6EK\\shail', 'name': 'ShellHost.exe', 'vms': 41.828125} 
{'pid': 2128, 'username': None, 'name': 'svchost.exe', 'vms': 3.90234375} 
{'pid': 2156, 'username': None, 'name': 'svchost.exe', 'vms': 2.43359375} 
{'pid': 2164, 'username': None, 'name': 'svchost.exe', 'vms': 3.234375} 
{'pid': 2172, 'username': None, 'name': 'svchost.exe', 'vms': 2.6171875} 
{'pid': 2180, 'username': None, 'name': 'svchost.exe', 'vms': 2.73828125} 
{'pid': 2272, 'username': 'LAPTOP-ECMIU6EK\\shail', 'name': 'nvcontainer.exe', 'vms': 23.47265625} 
{'pid': 2284, 'username': None, 'name': 'IntelCpHDCPSvc.exe', 'vms': 1.51953125} 
{'pid': 2316, 'username': None, 'name': 'svchost.exe', 'vms': 3.55078125} 
{'pid': 2352, 'username': None, 'name': 'svchost.exe', 'vms': 2.1953125} 
{'pid': 2448, 'username': None, 'name': 'svchost.exe', 'vms': 6.47265625} 
{'pid': 2464, 'username': None, 'name': 'svchost.exe', 'vms': 6.9375} 
{'pid': 2488, 'username': None, 'name': 'svchost.exe', 'vms': 2.203125} 
{'pid': 2700, 'username': None, 'name': 'svchost.exe', 'vms': 3.8203125} 
{'pid': 2744, 'username': 'LAPTOP-ECMIU6EK\\shail', 'name': 'FileCoAuth.exe', 'vms': 5.83984375} 
{'pid': 2808, 'username': None, 'name': 'svchost.exe', 'vms': 3.0625} 
{'pid': 3016, 'username': None, 'name': 'svchost.exe', 'vms': 1.890625} 
{'pid': 3028, 'username': 'LAPTOP-ECMIU6EK\\shail', 'name': 'msedgewebview2.exe', 'vms': 2.29296875} 
{'pid': 3112, 'username': None, 'name': 'svchost.exe', 'vms': 6.2578125} 
{'pid': 3148, 'username': None, 'name': 'NVDisplay.Container.exe', 'vms': 37.30859375} 
{'pid': 3228, 'username': None, 'name': 'WUDFHost.exe', 'vms': 2.0078125} 
{'pid': 3252, 'username': None, 'name': 'svchost.exe', 'vms': 15.60546875} 
{'pid': 3284, 'username': None, 'name': 'svchost.exe', 'vms': 36.62890625} 
{'pid': 3292, 'username': 'LAPTOP-ECMIU6EK\\shail', 'name': 'smartscreen.exe', 'vms': 2.77734375} 
{'pid': 3340, 'username': None, 'name': 'svchost.exe', 'vms': 2.57421875} 
{'pid': 3356, 'username': None, 'name': 'svchost.exe', 'vms': 3.3359375} 
{'pid': 3364, 'username': None, 'name': 'svchost.exe', 'vms': 1.515625} 
{'pid': 3372, 'username': None, 'name': 'svchost.exe', 'vms': 2.13671875} 
{'pid': 3480, 'username': None, 'name': 'WUDFHost.exe', 'vms': 5.1171875} 
{'pid': 3600, 'username': None, 'name': 'svchost.exe', 'vms': 2.09375} 
{'pid': 3620, 'username': None, 'name': 'MemCompression', 'vms': 1.26171875} 
{'pid': 3672, 'username': None, 'name': 'svchost.exe', 'vms': 4.015625} 
{'pid': 3720, 'username': None, 'name': 'svchost.exe', 'vms': 2.33203125} 
{'pid': 3728, 'username': None, 'name': 'svchost.exe', 'vms': 2.5234375} 
{'pid': 3876, 'username': None, 'name': 'svchost.exe', 'vms': 1.96484375} 
{'pid': 3888, 'username': None, 'name': 'svchost.exe', 'vms': 4.5234375} 
{'pid': 3896, 'username': 'LAPTOP-ECMIU6EK\\shail', 'name': 'RuntimeBroker.exe', 'vms': 2.46484375} 
{'pid': 3948, 'username': None, 'name': 'svchost.exe', 'vms': 1.6875} 
{'pid': 4192, 'username': None, 'name': 'AsusAppService.exe', 'vms': 5.5625} 
{'pid': 4316, 'username': None, 'name': 'svchost.exe', 'vms': 2.3203125} 
{'pid': 4336, 'username': None, 'name': 'MpDefenderCoreService.exe', 'vms': 13.29296875} 
{'pid': 4364, 'username': None, 'name': 'svchost.exe', 'vms': 7.34375} 
{'pid': 4376, 'username': 'LAPTOP-ECMIU6EK\\shail', 'name': 'msedgewebview2.exe', 'vms': 40.21875} 
{'pid': 4392, 'username': None, 'name': 'AsusOptimization.exe', 'vms': 2.94140625} 
{'pid': 4400, 'username': None, 'name': 'svchost.exe', 'vms': 3.60546875} 
{'pid': 4564, 'username': 'LAPTOP-ECMIU6EK\\shail', 'name': 'Code.exe', 'vms': 115.359375} 
{'pid': 4600, 'username': None, 'name': 'spoolsv.exe', 'vms': 9.5625} 
{'pid': 4648, 'username': 'LAPTOP-ECMIU6EK\\shail', 'name': 'powershell.exe', 'vms': 55.37890625} 
{'pid': 4668, 'username': None, 'name': 'svchost.exe', 'vms': 15.140625} 
{'pid': 4800, 'username': 'LAPTOP-ECMIU6EK\\shail', 'name': 'AsusOptimizationStartupTask.exe', 'vms': 4.296875} 
{'pid': 4836, 'username': None, 'name': 'svchost.exe', 'vms': 1.7421875} 
{'pid': 4888, 'username': None, 'name': 'svchost.exe', 'vms': 13.1640625} 
{'pid': 4908, 'username': None, 'name': 'NVDisplay.Container.exe', 'vms': 33.83984375} 
{'pid': 4948, 'username': None, 'name': 'svchost.exe', 'vms': 3.09375} 
{'pid': 4972, 'username': None, 'name': 'svchost.exe', 'vms': 1.92578125} 
{'pid': 5088, 'username': None, 'name': 'svchost.exe', 'vms': 1.51171875} 
{'pid': 5112, 'username': None, 'name': 'AggregatorHost.exe', 'vms': 4.19921875} 
{'pid': 5124, 'username': None, 'name': 'AsusProArtUpdateService.exe', 'vms': 9.453125} 
{'pid': 5132, 'username': None, 'name': 'AsusProArtService.exe', 'vms': 4.92578125} 
{'pid': 5140, 'username': None, 'name': 'AsusDialService.exe', 'vms': 3.47265625} 
{'pid': 5152, 'username': None, 'name': 'AsusSystemAnalysis.exe', 'vms': 6.015625} 
{'pid': 5160, 'username': None, 'name': 'AsusSystemDiagnosis.exe', 'vms': 6.81640625} 
{'pid': 5168, 'username': None, 'name': 'AsusSoftwareManager.exe', 'vms': 6.04296875} 
{'pid': 5176, 'username': None, 'name': 'DAX3API.exe', 'vms': 7.41796875} 
{'pid': 5184, 'username': None, 'name': 'AsusSwitch.exe', 'vms': 2.5859375} 
{'pid': 5196, 'username': None, 'name': 'GlideXNearService.exe', 'vms': 2.6640625} 
{'pid': 5204, 'username': None, 'name': 'svchost.exe', 'vms': 31.01171875} 
{'pid': 5212, 'username': None, 'name': 'svchost.exe', 'vms': 27.44140625} 
{'pid': 5220, 'username': None, 'name': 'wlanext.exe', 'vms': 3.03125} 
{'pid': 5228, 'username': None, 'name': 'svchost.exe', 'vms': 13.41796875} 
{'pid': 5236, 'username': None, 'name': 'GlideXRemoteService.exe', 'vms': 3.63671875} 
{'pid': 5256, 'username': None, 'name': 'ipfsvc.exe', 'vms': 2.76171875} 
{'pid': 5312, 'username': None, 'name': 'GlideXServiceExt.exe', 'vms': 3.19921875} 
{'pid': 5348, 'username': None, 'name': 'OneApp.IGCC.WinService.exe', 'vms': 43.54296875} 
{'pid': 5356, 'username': None, 'name': 'GlideXService.exe', 'vms': 5.68359375} 
{'pid': 5368, 'username': 'LAPTOP-ECMIU6EK\\shail', 'name': 'taskhostw.exe', 'vms': 7.32421875} 
{'pid': 5480, 'username': None, 'name': 'IntelAudioService.exe', 'vms': 39.12890625} 
{'pid': 5496, 'username': None, 'name': 'svchost.exe', 'vms': 3.60546875} 
{'pid': 5560, 'username': None, 'name': 'svchost.exe', 'vms': 3.0078125} 
{'pid': 5576, 'username': 'LAPTOP-ECMIU6EK\\shail', 'name': 'Code.exe', 'vms': 28.16015625} 
{'pid': 5664, 'username': None, 'name': 'jhi_service.exe', 'vms': 1.37890625} 
{'pid': 5672, 'username': None, 'name': 'NgcIso.exe', 'vms': 2.5546875} 
{'pid': 5772, 'username': None, 'name': 'NvBroadcast.Container.exe', 'vms': 3.01953125} 
{'pid': 5784, 'username': None, 'name': 'nvcontainer.exe', 'vms': 12.9375} 
{'pid': 5792, 'username': 'LAPTOP-ECMIU6EK\\shail', 'name': 'msedgewebview2.exe', 'vms': 123.6640625} 
{'pid': 5800, 'username': None, 'name': 'RstMwService.exe', 'vms': 2.52734375} 
{'pid': 5808, 'username': None, 'name': 'RtkAudUService64.exe', 'vms': 5.1640625} 
{'pid': 5832, 'username': None, 'name': 'ipf_uf.exe', 'vms': 2.05078125} 
{'pid': 5876, 'username': None, 'name': 'svchost.exe', 'vms': 1.44140625} 
{'pid': 5920, 'username': None, 'name': 'WMIRegistrationService.exe', 'vms': 2.98046875} 
{'pid': 5960, 'username': None, 'name': 'svchost.exe', 'vms': 5.59375} 
{'pid': 5972, 'username': None, 'name': 'svchost.exe', 'vms': 1.94921875} 
{'pid': 6080, 'username': 'LAPTOP-ECMIU6EK\\shail', 'name': 'svchost.exe', 'vms': 2.359375} 
{'pid': 6100, 'username': 'LAPTOP-ECMIU6EK\\shail', 'name': 'msedgewebview2.exe', 'vms': 9.5} 
{'pid': 6340, 'username': 'LAPTOP-ECMIU6EK\\shail', 'name': 'msedge.exe', 'vms': 38.5234375} 
{'pid': 6428, 'username': None, 'name': 'svchost.exe', 'vms': 2.53515625} 
{'pid': 6592, 'username': None, 'name': 'svchost.exe', 'vms': 1.99609375} 
{'pid': 6604, 'username': None, 'name': 'Intel_PIE_Service.exe', 'vms': 2.52734375} 
{'pid': 6652, 'username': 'LAPTOP-ECMIU6EK\\shail', 'name': 'AsusSoftwareManagerAgent.exe', 'vms': 47.04296875} 
{'pid': 6660, 'username': None, 'name': 'svchost.exe', 'vms': 7.4375} 
{'pid': 6924, 'username': 'LAPTOP-ECMIU6EK\\shail', 'name': 'dllhost.exe', 'vms': 1.625} 
{'pid': 7012, 'username': None, 'name': 'svchost.exe', 'vms': 1.94140625} 
{'pid': 7052, 'username': 'LAPTOP-ECMIU6EK\\shail', 'name': 'msedgewebview2.exe', 'vms': 80.25390625} 
{'pid': 7064, 'username': None, 'name': 'svchost.exe', 'vms': 6.484375} 
{'pid': 7332, 'username': None, 'name': 'svchost.exe', 'vms': 7.6875} 
{'pid': 7368, 'username': None, 'name': 'unsecapp.exe', 'vms': 2.70703125} 
{'pid': 7436, 'username': 'LAPTOP-ECMIU6EK\\shail', 'name': 'svchost.exe', 'vms': 5.1484375} 
{'pid': 7508, 'username': None, 'name': 'WmiPrvSE.exe', 'vms': 37.8125} 
{'pid': 7800, 'username': 'LAPTOP-ECMIU6EK\\shail', 'name': 'sihost.exe', 'vms': 7.65234375} 
{'pid': 7848, 'username': 'LAPTOP-ECMIU6EK\\shail', 'name': 'msedgewebview2.exe', 'vms': 12.3203125} 
{'pid': 7864, 'username': 'LAPTOP-ECMIU6EK\\shail', 'name': 'msedge.exe', 'vms': 78.53515625} 
{'pid': 7876, 'username': None, 'name': 'RtkAudUService64.exe', 'vms': 6.39453125} 
{'pid': 8164, 'username': None, 'name': 'svchost.exe', 'vms': 2.45703125} 
{'pid': 8236, 'username': None, 'name': 'svchost.exe', 'vms': 3.8203125} 
{'pid': 8240, 'username': None, 'name': 'csrss.exe', 'vms': 2.89453125} 
{'pid': 8728, 'username': None, 'name': 'gamingservicesnet.exe', 'vms': 4.9140625} 
{'pid': 8856, 'username': None, 'name': 'gamingservices.exe', 'vms': 12.5546875} 
{'pid': 8968, 'username': 'LAPTOP-ECMIU6EK\\shail', 'name': 'svchost.exe', 'vms': 10.0859375} 
{'pid': 9024, 'username': None, 'name': 'svchost.exe', 'vms': 1.0390625} 
{'pid': 9032, 'username': None, 'name': 'svchost.exe', 'vms': 2.734375} 
{'pid': 9312, 'username': None, 'name': 'svchost.exe', 'vms': 2.7734375} 
{'pid': 9416, 'username': None, 'name': 'svchost.exe', 'vms': 7.92578125} 
{'pid': 9512, 'username': 'LAPTOP-ECMIU6EK\\shail', 'name': 'msedge.exe', 'vms': 9.0390625} 
{'pid': 9640, 'username': 'LAPTOP-ECMIU6EK\\shail', 'name': 'nvcontainer.exe', 'vms': 15.00390625} 
{'pid': 9764, 'username': None, 'name': 'svchost.exe', 'vms': 9.3515625} 
{'pid': 9920, 'username': None, 'name': 'fontdrvhost.exe', 'vms': 2.09375} 
{'pid': 10028, 'username': None, 'name': 'svchost.exe', 'vms': 3.08203125} 
{'pid': 10152, 'username': 'LAPTOP-ECMIU6EK\\shail', 'name': 'Code.exe', 'vms': 13.796875} 
{'pid': 10184, 'username': 'LAPTOP-ECMIU6EK\\shail', 'name': 'RuntimeBroker.exe', 'vms': 2.828125} 
{'pid': 10192, 'username': 'LAPTOP-ECMIU6EK\\shail', 'name': 'AsusSystemAnalysis.exe', 'vms': 2.16015625} 
{'pid': 10616, 'username': None, 'name': 'nvcontainer.exe', 'vms': 27.57421875} 
{'pid': 10636, 'username': 'LAPTOP-ECMIU6EK\\shail', 'name': 'Code.exe', 'vms': 273.90234375} 
{'pid': 10668, 'username': 'LAPTOP-ECMIU6EK\\shail', 'name': 'RuntimeBroker.exe', 'vms': 5.609375} 
{'pid': 10752, 'username': None, 'name': 'svchost.exe', 'vms': 1.328125} 
{'pid': 10772, 'username': 'LAPTOP-ECMIU6EK\\shail', 'name': 'SecurityHealthSystray.exe', 'vms': 2.05859375} 
{'pid': 10792, 'username': 'LAPTOP-ECMIU6EK\\shail', 'name': 'WindowsTerminal.exe', 'vms': 82.1875} 
{'pid': 10816, 'username': 'LAPTOP-ECMIU6EK\\shail', 'name': 'OneDrive.exe', 'vms': 97.5390625} 
{'pid': 10904, 'username': 'LAPTOP-ECMIU6EK\\shail', 'name': 'msedge.exe', 'vms': 117.69140625} 
{'pid': 10920, 'username': 'LAPTOP-ECMIU6EK\\shail', 'name': 'msedgewebview2.exe', 'vms': 111.2265625} 
{'pid': 11028, 'username': 'LAPTOP-ECMIU6EK\\shail', 'name': 'SearchHost.exe', 'vms': 80.1484375} 
{'pid': 11096, 'username': None, 'name': 'svchost.exe', 'vms': 3.4921875} 
{'pid': 11256, 'username': 'LAPTOP-ECMIU6EK\\shail', 'name': 'TextInputHost.exe', 'vms': 56.60546875} 
{'pid': 11320, 'username': None, 'name': 'SecurityHealthService.exe', 'vms': 8.53515625} 
{'pid': 11492, 'username': 'LAPTOP-ECMIU6EK\\shail', 'name': 'msedge.exe', 'vms': 103.015625} 
{'pid': 11532, 'username': None, 'name': 'svchost.exe', 'vms': 2.95703125} 
{'pid': 11592, 'username': None, 'name': 'FileSyncHelper.exe', 'vms': 7.69921875} 
{'pid': 11732, 'username': 'LAPTOP-ECMIU6EK\\shail', 'name': 'msedgewebview2.exe', 'vms': 9.03515625} 
{'pid': 11792, 'username': None, 'name': 'svchost.exe', 'vms': 11.16796875} 
{'pid': 12112, 'username': None, 'name': 'svchost.exe', 'vms': 12.24609375} 
{'pid': 12316, 'username': 'LAPTOP-ECMIU6EK\\shail', 'name': 'RtkAudUService64.exe', 'vms': 6.46875} 
{'pid': 12732, 'username': None, 'name': 'DAX3API.exe', 'vms': 2.84765625} 
{'pid': 12760, 'username': 'LAPTOP-ECMIU6EK\\shail', 'name': 'SnippingTool.exe', 'vms': 62.57421875} 
{'pid': 13044, 'username': 'LAPTOP-ECMIU6EK\\shail', 'name': 'svchost.exe', 'vms': 2.07421875} 
{'pid': 13064, 'username': None, 'name': 'SearchIndexer.exe', 'vms': 31.6640625} 
{'pid': 13072, 'username': 'LAPTOP-ECMIU6EK\\shail', 'name': 'RuntimeBroker.exe', 'vms': 7.8828125} 
{'pid': 13172, 'username': None, 'name': 'svchost.exe', 'vms': 32.60546875} 
{'pid': 13212, 'username': 'LAPTOP-ECMIU6EK\\shail', 'name': 'dllhost.exe', 'vms': 2.37890625} 
{'pid': 13268, 'username': 'LAPTOP-ECMIU6EK\\shail', 'name': 'msedgewebview2.exe', 'vms': 37.19140625} 
{'pid': 13272, 'username': None, 'name': 'dwm.exe', 'vms': 240.58984375} 
{'pid': 13280, 'username': 'LAPTOP-ECMIU6EK\\shail', 'name': 'conhost.exe', 'vms': 1.4296875} 
{'pid': 13412, 'username': None, 'name': 'AsusDialAgent.exe', 'vms': 6.69140625} 
{'pid': 13436, 'username': 'LAPTOP-ECMIU6EK\\shail', 'name': 'msedge.exe', 'vms': 22.5} 
{'pid': 13468, 'username': None, 'name': 'svchost.exe', 'vms': 2.47265625} 
{'pid': 13504, 'username': None, 'name': 'svchost.exe', 'vms': 28.58203125} 
{'pid': 13696, 'username': 'LAPTOP-ECMIU6EK\\shail', 'name': 'explorer.exe', 'vms': 316.75} 
{'pid': 13820, 'username': None, 'name': 'SearchProtocolHost.exe', 'vms': 2.76953125} 
{'pid': 13928, 'username': 'LAPTOP-ECMIU6EK\\shail', 'name': 'OpenConsole.exe', 'vms': 3.30859375} 
{'pid': 13968, 'username': 'LAPTOP-ECMIU6EK\\shail', 'name': 'msedge.exe', 'vms': 8.88671875} 
{'pid': 14364, 'username': 'LAPTOP-ECMIU6EK\\shail', 'name': 'msedgewebview2.exe', 'vms': 111.421875} 
{'pid': 14524, 'username': None, 'name': 'svchost.exe', 'vms': 3.82421875} 
{'pid': 14536, 'username': 'LAPTOP-ECMIU6EK\\shail', 'name': 'RuntimeBroker.exe', 'vms': 6.41796875} 
{'pid': 14620, 'username': 'LAPTOP-ECMIU6EK\\shail', 'name': 'Code.exe', 'vms': 97.66796875} 
{'pid': 14788, 'username': 'LAPTOP-ECMIU6EK\\shail', 'name': 'msedge.exe', 'vms': 2.28125} 
{'pid': 15300, 'username': 'LAPTOP-ECMIU6EK\\shail', 'name': 'Code.exe', 'vms': 437.37890625} 
{'pid': 15388, 'username': 'LAPTOP-ECMIU6EK\\shail', 'name': 'ipf_helper.exe', 'vms': 1.703125} 
{'pid': 15408, 'username': 'LAPTOP-ECMIU6EK\\shail', 'name': 'cmd.exe', 'vms': 2.3828125} 
{'pid': 15444, 'username': 'LAPTOP-ECMIU6EK\\shail', 'name': 'msedgewebview2.exe', 'vms': 2.296875} 
{'pid': 15568, 'username': 'LAPTOP-ECMIU6EK\\shail', 'name': 'svchost.exe', 'vms': 7.52734375} 
{'pid': 15592, 'username': None, 'name': 'NvBroadcast.Container.exe', 'vms': 38.15234375} 
{'pid': 15600, 'username': 'LAPTOP-ECMIU6EK\\shail', 'name': 'RuntimeBroker.exe', 'vms': 13.73046875} 
{'pid': 15968, 'username': 'LAPTOP-ECMIU6EK\\shail', 'name': 'msedge.exe', 'vms': 14.9921875} 
{'pid': 15996, 'username': 'LAPTOP-ECMIU6EK\\shail', 'name': 'ctfmon.exe', 'vms': 7.4765625} 
{'pid': 16072, 'username': 'LAPTOP-ECMIU6EK\\shail', 'name': 'jusched.exe', 'vms': 1.46484375} 
{'pid': 16572, 'username': None, 'name': 'svchost.exe', 'vms': 1.66015625} 
{'pid': 16664, 'username': None, 'name': 'svchost.exe', 'vms': 3.94921875} 
{'pid': 16924, 'username': None, 'name': 'svchost.exe', 'vms': 2.0625} 
{'pid': 16960, 'username': 'LAPTOP-ECMIU6EK\\shail', 'name': 'svchost.exe', 'vms': 3.6953125} 
{'pid': 17084, 'username': 'LAPTOP-ECMIU6EK\\shail', 'name': 'WidgetService.exe', 'vms': 4.9375} 
{'pid': 17140, 'username': 'LAPTOP-ECMIU6EK\\shail', 'name': 'svchost.exe', 'vms': 3.86328125} 
{'pid': 17160, 'username': 'LAPTOP-ECMIU6EK\\shail', 'name': 'Code.exe', 'vms': 556.046875} 
{'pid': 17204, 'username': 'LAPTOP-ECMIU6EK\\shail', 'name': 'CrossDeviceService.exe', 'vms': 35.9296875} 
{'pid': 17240, 'username': 'LAPTOP-ECMIU6EK\\shail', 'name': 'LockApp.exe', 'vms': 53.46484375} 
{'pid': 17280, 'username': None, 'name': 'svchost.exe', 'vms': 1.78125} 
{'pid': 17292, 'username': 'LAPTOP-ECMIU6EK\\shail', 'name': 'PhoneExperienceHost.exe', 'vms': 83.37890625} 
{'pid': 17416, 'username': 'LAPTOP-ECMIU6EK\\shail', 'name': 'msedge.exe', 'vms': 44.07421875} 
{'pid': 17448, 'username': None, 'name': 'svchost.exe', 'vms': 2.28515625} 
{'pid': 17768, 'username': 'LAPTOP-ECMIU6EK\\shail', 'name': 'msedge.exe', 'vms': 259.13671875} 
{'pid': 17956, 'username': 'LAPTOP-ECMIU6EK\\shail', 'name': 'msedgewebview2.exe', 'vms': 13.30859375} 
{'pid': 18312, 'username': 'LAPTOP-ECMIU6EK\\shail', 'name': 'AsusProArtHost.exe', 'vms': 2.4921875} 
{'pid': 18396, 'username': None, 'name': 'NisSrv.exe', 'vms': 4.33984375} 
{'pid': 18664, 'username': 'LAPTOP-ECMIU6EK\\shail', 'name': 'AsusOSD.exe', 'vms': 3.171875} 
{'pid': 18704, 'username': 'LAPTOP-ECMIU6EK\\shail', 'name': 'WhatsApp.exe', 'vms': 67.34375} 
{'pid': 18708, 'username': None, 'name': 'MsMpEng.exe', 'vms': 359.125} 
{'pid': 18748, 'username': 'LAPTOP-ECMIU6EK\\shail', 'name': 'msedge.exe', 'vms': 7.58984375} 
{'pid': 18944, 'username': 'LAPTOP-ECMIU6EK\\shail', 'name': 'RuntimeBroker.exe', 'vms': 15.640625} 
{'pid': 19008, 'username': 'LAPTOP-ECMIU6EK\\shail', 'name': 'Code.exe', 'vms': 92.37890625} 
{'pid': 19072, 'username': 'LAPTOP-ECMIU6EK\\shail', 'name': 'AsusOLEDShifter.exe', 'vms': 2.1484375} 
{'pid': 19144, 'username': 'LAPTOP-ECMIU6EK\\shail', 'name': 'Code.exe', 'vms': 140.69921875} 
{'pid': 19248, 'username': 'LAPTOP-ECMIU6EK\\shail', 'name': 'Widgets.exe', 'vms': 12.0625} 
{'pid': 19564, 'username': None, 'name': 'WmiPrvSE.exe', 'vms': 3.3984375} 
{'pid': 19668, 'username': None, 'name': 'WmiApSrv.exe', 'vms': 2.703125} 
{'pid': 19856, 'username': 'LAPTOP-ECMIU6EK\\shail', 'name': 'python.exe', 'vms': 10.78515625} 
{'pid': 19904, 'username': 'LAPTOP-ECMIU6EK\\shail', 'name': 'svchost.exe', 'vms': 1.7578125} 
{'pid': 20112, 'username': 'LAPTOP-ECMIU6EK\\shail', 'name': 'conhost.exe', 'vms': 1.16015625} 
{'pid': 20132, 'username': 'LAPTOP-ECMIU6EK\\shail', 'name': 'ApplicationFrameHost.exe', 'vms': 63.0546875} 
