--------------------------------------------------
Marvellous Infosystem Process Log
Log file is created at : Wed Jun 18 08:55:58 2025
--------------------------------------------------
{'name': 'System Idle Process', 'pid': 0, 'username': 'NT AUTHORITY\\SYSTEM', 'vms': 0.05859375} 
{'name': 'System', 'pid': 4, 'username': 'NT AUTHORITY\\SYSTEM', 'vms': 0.08203125} 
{'name': '', 'pid': 236, 'username': None, 'vms': 0.16796875} 
{'name': 'Registry', 'pid': 280, 'username': None, 'vms': 11.12890625} 
{'name': 'Code.exe', 'pid': 504, 'username': 'LAPTOP-ECMIU6EK\\shail', 'vms': 82.43359375} 
{'name': 'StartMenuExperienceHost.exe', 'pid': 516, 'username': 'LAPTOP-ECMIU6EK\\shail', 'vms': 83.17578125} 
{'name': 'winlogon.exe', 'pid': 520, 'username': None, 'vms': 2.6484375} 
{'name': 'conhost.exe', 'pid': 592, 'username': 'LAPTOP-ECMIU6EK\\shail', 'vms': 1.34765625} 
{'name': 'UserOOBEBroker.exe', 'pid': 712, 'username': 'LAPTOP-ECMIU6EK\\shail', 'vms': 1.7265625} 
{'name': 'smss.exe', 'pid': 864, 'username': None, 'vms': 1.14453125} 
{'name': 'svchost.exe', 'pid': 880, 'username': None, 'vms': 2.05078125} 
{'name': 'svchost.exe', 'pid': 1260, 'username': None, 'vms': 2.44921875} 
{'name': 'csrss.exe', 'pid': 1272, 'username': None, 'vms': 2.74609375} 
{'name': 'wininit.exe', 'pid': 1392, 'username': None, 'vms': 1.73046875} 
{'name': 'services.exe', 'pid': 1460, 'username': None, 'vms': 7.08984375} 
{'name': 'LsaIso.exe', 'pid': 1480, 'username': None, 'vms': 1.82421875} 
{'name': 'lsass.exe', 'pid': 1488, 'username': None, 'vms': 13.0078125} 
{'name': 'svchost.exe', 'pid': 1616, 'username': None, 'vms': 7.3046875} 
{'name': 'svchost.exe', 'pid': 1620, 'username': None, 'vms': 1.30078125} 
{'name': 'msedge.exe', 'pid': 1680, 'username': 'LAPTOP-ECMIU6EK\\shail', 'vms': 22.1171875} 
{'name': 'svchost.exe', 'pid': 1704, 'username': None, 'vms': 19.5390625} 
{'name': 'Code.exe', 'pid': 1716, 'username': 'LAPTOP-ECMIU6EK\\shail', 'vms': 10.6953125} 
{'name': 'WUDFHost.exe', 'pid': 1736, 'username': None, 'vms': 2.625} 
{'name': 'fontdrvhost.exe', 'pid': 1744, 'username': None, 'vms': 1.90234375} 
{'name': 'python.exe', 'pid': 1756, 'username': 'LAPTOP-ECMIU6EK\\shail', 'vms': 46.8984375} 
{'name': 'ShellExperienceHost.exe', 'pid': 1768, 'username': 'LAPTOP-ECMIU6EK\\shail', 'vms': 51.0625} 
{'name': 'svchost.exe', 'pid': 1868, 'username': None, 'vms': 11.265625} 
{'name': 'svchost.exe', 'pid': 1888, 'username': None, 'vms': 12.37890625} 
{'name': 'SystemSettings.exe', 'pid': 1928, 'username': 'LAPTOP-ECMIU6EK\\shail', 'vms': 146.9765625} 
{'name': 'svchost.exe', 'pid': 1932, 'username': None, 'vms': 3.66796875} 
{'name': 'WUDFHost.exe', 'pid': 1968, 'username': None, 'vms': 9.74609375} 
{'name': 'ShellHost.exe', 'pid': 1988, 'username': 'LAPTOP-ECMIU6EK\\shail', 'vms': 41.796875} 
{'name': 'svchost.exe', 'pid': 2128, 'username': None, 'vms': 3.96875} 
{'name': 'svchost.exe', 'pid': 2156, 'username': None, 'vms': 2.5} 
{'name': 'svchost.exe', 'pid': 2164, 'username': None, 'vms': 3.234375} 
{'name': 'svchost.exe', 'pid': 2172, 'username': None, 'vms': 2.70703125} 
{'name': 'svchost.exe', 'pid': 2180, 'username': None, 'vms': 2.9453125} 
{'name': 'nvcontainer.exe', 'pid': 2272, 'username': 'LAPTOP-ECMIU6EK\\shail', 'vms': 22.89453125} 
{'name': 'IntelCpHDCPSvc.exe', 'pid': 2284, 'username': None, 'vms': 1.55078125} 
{'name': 'svchost.exe', 'pid': 2316, 'username': None, 'vms': 3.62109375} 
{'name': 'svchost.exe', 'pid': 2352, 'username': None, 'vms': 2.26171875} 
{'name': 'svchost.exe', 'pid': 2448, 'username': None, 'vms': 6.671875} 
{'name': 'svchost.exe', 'pid': 2464, 'username': None, 'vms': 6.953125} 
{'name': 'svchost.exe', 'pid': 2488, 'username': None, 'vms': 2.328125} 
{'name': 'svchost.exe', 'pid': 2700, 'username': None, 'vms': 3.8203125} 
{'name': 'FileCoAuth.exe', 'pid': 2744, 'username': 'LAPTOP-ECMIU6EK\\shail', 'vms': 5.80859375} 
{'name': 'svchost.exe', 'pid': 2808, 'username': None, 'vms': 3.421875} 
{'name': 'svchost.exe', 'pid': 3016, 'username': None, 'vms': 1.953125} 
{'name': 'msedgewebview2.exe', 'pid': 3028, 'username': 'LAPTOP-ECMIU6EK\\shail', 'vms': 2.29296875} 
{'name': 'svchost.exe', 'pid': 3112, 'username': None, 'vms': 6.421875} 
{'name': 'NVDisplay.Container.exe', 'pid': 3148, 'username': None, 'vms': 37.3125} 
{'name': 'WUDFHost.exe', 'pid': 3228, 'username': None, 'vms': 2.0078125} 
{'name': 'svchost.exe', 'pid': 3252, 'username': None, 'vms': 17.03515625} 
{'name': 'svchost.exe', 'pid': 3284, 'username': None, 'vms': 34.125} 
{'name': 'svchost.exe', 'pid': 3340, 'username': None, 'vms': 2.6953125} 
{'name': 'svchost.exe', 'pid': 3356, 'username': None, 'vms': 3.59375} 
{'name': 'svchost.exe', 'pid': 3364, 'username': None, 'vms': 1.51953125} 
{'name': 'svchost.exe', 'pid': 3372, 'username': None, 'vms': 2.2109375} 
{'name': 'WUDFHost.exe', 'pid': 3480, 'username': None, 'vms': 5.1171875} 
{'name': 'svchost.exe', 'pid': 3600, 'username': None, 'vms': 2.09375} 
{'name': 'MemCompression', 'pid': 3620, 'username': None, 'vms': 1.2578125} 
{'name': 'svchost.exe', 'pid': 3672, 'username': None, 'vms': 4.05078125} 
{'name': 'svchost.exe', 'pid': 3720, 'username': None, 'vms': 2.4140625} 
{'name': 'svchost.exe', 'pid': 3728, 'username': None, 'vms': 2.6484375} 
{'name': 'svchost.exe', 'pid': 3876, 'username': None, 'vms': 1.96875} 
{'name': 'svchost.exe', 'pid': 3888, 'username': None, 'vms': 4.62890625} 
{'name': 'RuntimeBroker.exe', 'pid': 3896, 'username': 'LAPTOP-ECMIU6EK\\shail', 'vms': 2.46484375} 
{'name': 'svchost.exe', 'pid': 3948, 'username': None, 'vms': 1.76953125} 
{'name': 'AsusAppService.exe', 'pid': 4192, 'username': None, 'vms': 5.58984375} 
{'name': 'svchost.exe', 'pid': 4316, 'username': None, 'vms': 2.65234375} 
{'name': 'MpDefenderCoreService.exe', 'pid': 4336, 'username': None, 'vms': 13.29296875} 
{'name': 'svchost.exe', 'pid': 4364, 'username': None, 'vms': 7.30859375} 
{'name': 'msedgewebview2.exe', 'pid': 4376, 'username': 'LAPTOP-ECMIU6EK\\shail', 'vms': 41.2734375} 
{'name': 'AsusOptimization.exe', 'pid': 4392, 'username': None, 'vms': 2.97265625} 
{'name': 'svchost.exe', 'pid': 4400, 'username': None, 'vms': 3.75} 
{'name': 'Code.exe', 'pid': 4564, 'username': 'LAPTOP-ECMIU6EK\\shail', 'vms': 117.890625} 
{'name': 'spoolsv.exe', 'pid': 4600, 'username': None, 'vms': 9.6640625} 
{'name': 'powershell.exe', 'pid': 4648, 'username': 'LAPTOP-ECMIU6EK\\shail', 'vms': 55.56640625} 
{'name': 'svchost.exe', 'pid': 4668, 'username': None, 'vms': 15.2734375} 
{'name': 'AsusOptimizationStartupTask.exe', 'pid': 4800, 'username': 'LAPTOP-ECMIU6EK\\shail', 'vms': 4.296875} 
{'name': 'svchost.exe', 'pid': 4836, 'username': None, 'vms': 1.796875} 
{'name': 'svchost.exe', 'pid': 4888, 'username': None, 'vms': 14.1015625} 
{'name': 'NVDisplay.Container.exe', 'pid': 4908, 'username': None, 'vms': 33.83203125} 
{'name': 'svchost.exe', 'pid': 4948, 'username': None, 'vms': 3.19921875} 
{'name': 'svchost.exe', 'pid': 4972, 'username': None, 'vms': 2.12109375} 
{'name': 'svchost.exe', 'pid': 5088, 'username': None, 'vms': 1.578125} 
{'name': 'AggregatorHost.exe', 'pid': 5112, 'username': None, 'vms': 4.23046875} 
{'name': 'AsusProArtUpdateService.exe', 'pid': 5124, 'username': None, 'vms': 9.484375} 
{'name': 'AsusProArtService.exe', 'pid': 5132, 'username': None, 'vms': 4.953125} 
{'name': 'AsusDialService.exe', 'pid': 5140, 'username': None, 'vms': 3.49609375} 
{'name': 'AsusSystemAnalysis.exe', 'pid': 5152, 'username': None, 'vms': 6.04296875} 
{'name': 'AsusSystemDiagnosis.exe', 'pid': 5160, 'username': None, 'vms': 6.84375} 
{'name': 'AsusSoftwareManager.exe', 'pid': 5168, 'username': None, 'vms': 6.17578125} 
{'name': 'DAX3API.exe', 'pid': 5176, 'username': None, 'vms': 7.44921875} 
{'name': 'AsusSwitch.exe', 'pid': 5184, 'username': None, 'vms': 2.61328125} 
{'name': 'GlideXNearService.exe', 'pid': 5196, 'username': None, 'vms': 2.69140625} 
{'name': 'svchost.exe', 'pid': 5204, 'username': None, 'vms': 31.32421875} 
{'name': 'svchost.exe', 'pid': 5212, 'username': None, 'vms': 30.6875} 
{'name': 'wlanext.exe', 'pid': 5220, 'username': None, 'vms': 3.02734375} 
{'name': 'svchost.exe', 'pid': 5228, 'username': None, 'vms': 13.9921875} 
{'name': 'GlideXRemoteService.exe', 'pid': 5236, 'username': None, 'vms': 3.66796875} 
{'name': 'ipfsvc.exe', 'pid': 5256, 'username': None, 'vms': 2.80078125} 
{'name': 'GlideXServiceExt.exe', 'pid': 5312, 'username': None, 'vms': 3.23046875} 
{'name': 'OneApp.IGCC.WinService.exe', 'pid': 5348, 'username': None, 'vms': 43.58203125} 
{'name': 'GlideXService.exe', 'pid': 5356, 'username': None, 'vms': 5.71484375} 
{'name': 'taskhostw.exe', 'pid': 5368, 'username': 'LAPTOP-ECMIU6EK\\shail', 'vms': 7.3046875} 
{'name': 'IntelAudioService.exe', 'pid': 5480, 'username': None, 'vms': 39.16796875} 
{'name': 'svchost.exe', 'pid': 5496, 'username': None, 'vms': 4.05859375} 
{'name': 'svchost.exe', 'pid': 5560, 'username': None, 'vms': 3.0078125} 
{'name': 'Code.exe', 'pid': 5576, 'username': 'LAPTOP-ECMIU6EK\\shail', 'vms': 28.1640625} 
{'name': 'jhi_service.exe', 'pid': 5664, 'username': None, 'vms': 1.41796875} 
{'name': 'NgcIso.exe', 'pid': 5672, 'username': None, 'vms': 2.5546875} 
{'name': 'NvBroadcast.Container.exe', 'pid': 5772, 'username': None, 'vms': 3.046875} 
{'name': 'nvcontainer.exe', 'pid': 5784, 'username': None, 'vms': 13.0078125} 
{'name': 'msedgewebview2.exe', 'pid': 5792, 'username': 'LAPTOP-ECMIU6EK\\shail', 'vms': 123.66015625} 
{'name': 'RstMwService.exe', 'pid': 5800, 'username': None, 'vms': 2.56640625} 
{'name': 'RtkAudUService64.exe', 'pid': 5808, 'username': None, 'vms': 5.19140625} 
{'name': 'ipf_uf.exe', 'pid': 5832, 'username': None, 'vms': 2.08984375} 
{'name': 'svchost.exe', 'pid': 5876, 'username': None, 'vms': 1.44140625} 
{'name': 'WMIRegistrationService.exe', 'pid': 5920, 'username': None, 'vms': 3.0546875} 
{'name': 'svchost.exe', 'pid': 5960, 'username': None, 'vms': 5.49609375} 
{'name': 'svchost.exe', 'pid': 5972, 'username': None, 'vms': 2.01953125} 
{'name': 'svchost.exe', 'pid': 6080, 'username': 'LAPTOP-ECMIU6EK\\shail', 'vms': 2.359375} 
{'name': 'msedgewebview2.exe', 'pid': 6100, 'username': 'LAPTOP-ECMIU6EK\\shail', 'vms': 9.5078125} 
{'name': 'msedge.exe', 'pid': 6340, 'username': 'LAPTOP-ECMIU6EK\\shail', 'vms': 38.4453125} 
{'name': 'svchost.exe', 'pid': 6428, 'username': None, 'vms': 2.578125} 
{'name': 'SearchProtocolHost.exe', 'pid': 6464, 'username': None, 'vms': 2.37890625} 
{'name': 'svchost.exe', 'pid': 6592, 'username': None, 'vms': 1.99609375} 
{'name': 'Intel_PIE_Service.exe', 'pid': 6604, 'username': None, 'vms': 2.5625} 
{'name': 'AsusSoftwareManagerAgent.exe', 'pid': 6652, 'username': 'LAPTOP-ECMIU6EK\\shail', 'vms': 48.609375} 
{'name': 'svchost.exe', 'pid': 6660, 'username': None, 'vms': 7.5078125} 
{'name': 'dllhost.exe', 'pid': 6924, 'username': 'LAPTOP-ECMIU6EK\\shail', 'vms': 1.625} 
{'name': 'svchost.exe', 'pid': 7012, 'username': None, 'vms': 2.0078125} 
{'name': 'msedgewebview2.exe', 'pid': 7052, 'username': 'LAPTOP-ECMIU6EK\\shail', 'vms': 80.2578125} 
{'name': 'svchost.exe', 'pid': 7064, 'username': None, 'vms': 6.4765625} 
{'name': 'svchost.exe', 'pid': 7332, 'username': None, 'vms': 7.1484375} 
{'name': 'unsecapp.exe', 'pid': 7368, 'username': None, 'vms': 2.70703125} 
{'name': 'svchost.exe', 'pid': 7436, 'username': 'LAPTOP-ECMIU6EK\\shail', 'vms': 5.3203125} 
{'name': 'WmiPrvSE.exe', 'pid': 7508, 'username': None, 'vms': 37.8125} 
{'name': 'sihost.exe', 'pid': 7800, 'username': 'LAPTOP-ECMIU6EK\\shail', 'vms': 7.73828125} 
{'name': 'msedgewebview2.exe', 'pid': 7848, 'username': 'LAPTOP-ECMIU6EK\\shail', 'vms': 12.1328125} 
{'name': 'msedge.exe', 'pid': 7864, 'username': 'LAPTOP-ECMIU6EK\\shail', 'vms': 78.546875} 
{'name': 'RtkAudUService64.exe', 'pid': 7876, 'username': None, 'vms': 6.39453125} 
{'name': 'svchost.exe', 'pid': 8164, 'username': None, 'vms': 2.5078125} 
{'name': 'svchost.exe', 'pid': 8236, 'username': None, 'vms': 3.7109375} 
{'name': 'csrss.exe', 'pid': 8240, 'username': None, 'vms': 2.9609375} 
{'name': 'RuntimeBroker.exe', 'pid': 8416, 'username': 'LAPTOP-ECMIU6EK\\shail', 'vms': 6.01953125} 
{'name': 'gamingservicesnet.exe', 'pid': 8728, 'username': None, 'vms': 4.95703125} 
{'name': 'gamingservices.exe', 'pid': 8856, 'username': None, 'vms': 12.56640625} 
{'name': 'svchost.exe', 'pid': 8968, 'username': 'LAPTOP-ECMIU6EK\\shail', 'vms': 9.99609375} 
{'name': 'svchost.exe', 'pid': 9024, 'username': None, 'vms': 1.1015625} 
{'name': 'svchost.exe', 'pid': 9032, 'username': None, 'vms': 2.734375} 
{'name': 'svchost.exe', 'pid': 9312, 'username': None, 'vms': 2.97265625} 
{'name': 'svchost.exe', 'pid': 9416, 'username': None, 'vms': 7.859375} 
{'name': 'TrustedInstaller.exe', 'pid': 9508, 'username': None, 'vms': 1.76953125} 
{'name': 'msedge.exe', 'pid': 9512, 'username': 'LAPTOP-ECMIU6EK\\shail', 'vms': 8.9375} 
{'name': 'nvcontainer.exe', 'pid': 9640, 'username': 'LAPTOP-ECMIU6EK\\shail', 'vms': 15.00390625} 
{'name': 'svchost.exe', 'pid': 9764, 'username': None, 'vms': 9.04296875} 
{'name': 'fontdrvhost.exe', 'pid': 9920, 'username': None, 'vms': 2.09375} 
{'name': 'svchost.exe', 'pid': 10028, 'username': None, 'vms': 3.08203125} 
{'name': 'MoUsoCoreWorker.exe', 'pid': 10032, 'username': None, 'vms': 4.97265625} 
{'name': 'Code.exe', 'pid': 10152, 'username': 'LAPTOP-ECMIU6EK\\shail', 'vms': 13.81640625} 
{'name': 'RuntimeBroker.exe', 'pid': 10184, 'username': 'LAPTOP-ECMIU6EK\\shail', 'vms': 2.828125} 
{'name': 'AsusSystemAnalysis.exe', 'pid': 10192, 'username': 'LAPTOP-ECMIU6EK\\shail', 'vms': 2.16015625} 
{'name': 'nvcontainer.exe', 'pid': 10616, 'username': None, 'vms': 27.5703125} 
{'name': 'Code.exe', 'pid': 10636, 'username': 'LAPTOP-ECMIU6EK\\shail', 'vms': 290.8359375} 
{'name': 'RuntimeBroker.exe', 'pid': 10668, 'username': 'LAPTOP-ECMIU6EK\\shail', 'vms': 5.78515625} 
{'name': 'svchost.exe', 'pid': 10752, 'username': None, 'vms': 1.4296875} 
{'name': 'SecurityHealthSystray.exe', 'pid': 10772, 'username': 'LAPTOP-ECMIU6EK\\shail', 'vms': 2.05859375} 
{'name': 'WindowsTerminal.exe', 'pid': 10792, 'username': 'LAPTOP-ECMIU6EK\\shail', 'vms': 82.1953125} 
{'name': 'OneDrive.exe', 'pid': 10816, 'username': 'LAPTOP-ECMIU6EK\\shail', 'vms': 97.58984375} 
{'name': 'msedge.exe', 'pid': 10904, 'username': 'LAPTOP-ECMIU6EK\\shail', 'vms': 117.6953125} 
{'name': 'msedgewebview2.exe', 'pid': 10920, 'username': 'LAPTOP-ECMIU6EK\\shail', 'vms': 108.76171875} 
{'name': 'SearchHost.exe', 'pid': 11028, 'username': 'LAPTOP-ECMIU6EK\\shail', 'vms': 80.1015625} 
{'name': 'svchost.exe', 'pid': 11096, 'username': None, 'vms': 3.421875} 
{'name': 'TextInputHost.exe', 'pid': 11256, 'username': 'LAPTOP-ECMIU6EK\\shail', 'vms': 56.4765625} 
{'name': 'SecurityHealthService.exe', 'pid': 11320, 'username': None, 'vms': 8.5078125} 
{'name': 'msedge.exe', 'pid': 11492, 'username': 'LAPTOP-ECMIU6EK\\shail', 'vms': 105.94921875} 
{'name': 'svchost.exe', 'pid': 11532, 'username': None, 'vms': 2.828125} 
{'name': 'FileSyncHelper.exe', 'pid': 11592, 'username': None, 'vms': 7.8828125} 
{'name': 'msedgewebview2.exe', 'pid': 11732, 'username': 'LAPTOP-ECMIU6EK\\shail', 'vms': 9.04296875} 
{'name': 'svchost.exe', 'pid': 11792, 'username': None, 'vms': 11.23046875} 
{'name': 'svchost.exe', 'pid': 12112, 'username': None, 'vms': 12.32421875} 
{'name': 'RtkAudUService64.exe', 'pid': 12316, 'username': 'LAPTOP-ECMIU6EK\\shail', 'vms': 6.46875} 
{'name': 'DAX3API.exe', 'pid': 12732, 'username': None, 'vms': 2.84765625} 
{'name': 'SnippingTool.exe', 'pid': 12760, 'username': 'LAPTOP-ECMIU6EK\\shail', 'vms': 62.57421875} 
{'name': 'svchost.exe', 'pid': 13044, 'username': 'LAPTOP-ECMIU6EK\\shail', 'vms': 2.07421875} 
{'name': 'SearchIndexer.exe', 'pid': 13064, 'username': None, 'vms': 31.73046875} 
{'name': 'RuntimeBroker.exe', 'pid': 13072, 'username': 'LAPTOP-ECMIU6EK\\shail', 'vms': 7.8828125} 
{'name': 'svchost.exe', 'pid': 13172, 'username': None, 'vms': 31.41015625} 
{'name': 'dllhost.exe', 'pid': 13212, 'username': 'LAPTOP-ECMIU6EK\\shail', 'vms': 2.37890625} 
{'name': 'msedgewebview2.exe', 'pid': 13268, 'username': 'LAPTOP-ECMIU6EK\\shail', 'vms': 37.23046875} 
{'name': 'dwm.exe', 'pid': 13272, 'username': None, 'vms': 227.71484375} 
{'name': 'conhost.exe', 'pid': 13280, 'username': 'LAPTOP-ECMIU6EK\\shail', 'vms': 1.4296875} 
{'name': 'AsusDialAgent.exe', 'pid': 13412, 'username': None, 'vms': 6.69140625} 
{'name': 'msedge.exe', 'pid': 13436, 'username': 'LAPTOP-ECMIU6EK\\shail', 'vms': 22.3515625} 
{'name': 'svchost.exe', 'pid': 13468, 'username': None, 'vms': 2.5390625} 
{'name': 'svchost.exe', 'pid': 13664, 'username': None, 'vms': 26.17578125} 
{'name': 'explorer.exe', 'pid': 13696, 'username': 'LAPTOP-ECMIU6EK\\shail', 'vms': 320.69140625} 
{'name': 'OpenConsole.exe', 'pid': 13928, 'username': 'LAPTOP-ECMIU6EK\\shail', 'vms': 3.30859375} 
{'name': 'msedge.exe', 'pid': 13968, 'username': 'LAPTOP-ECMIU6EK\\shail', 'vms': 8.85546875} 
{'name': 'msedgewebview2.exe', 'pid': 14364, 'username': 'LAPTOP-ECMIU6EK\\shail', 'vms': 108.76171875} 
{'name': 'svchost.exe', 'pid': 14524, 'username': None, 'vms': 3.89453125} 
{'name': 'RuntimeBroker.exe', 'pid': 14536, 'username': 'LAPTOP-ECMIU6EK\\shail', 'vms': 6.10546875} 
{'name': 'Code.exe', 'pid': 14620, 'username': 'LAPTOP-ECMIU6EK\\shail', 'vms': 97.71484375} 
{'name': 'msedge.exe', 'pid': 14788, 'username': 'LAPTOP-ECMIU6EK\\shail', 'vms': 2.28125} 
{'name': 'Code.exe', 'pid': 15300, 'username': 'LAPTOP-ECMIU6EK\\shail', 'vms': 438.87109375} 
{'name': 'ipf_helper.exe', 'pid': 15388, 'username': 'LAPTOP-ECMIU6EK\\shail', 'vms': 1.703125} 
{'name': 'cmd.exe', 'pid': 15408, 'username': 'LAPTOP-ECMIU6EK\\shail', 'vms': 2.18359375} 
{'name': 'msedgewebview2.exe', 'pid': 15444, 'username': 'LAPTOP-ECMIU6EK\\shail', 'vms': 2.296875} 
{'name': 'svchost.exe', 'pid': 15568, 'username': 'LAPTOP-ECMIU6EK\\shail', 'vms': 7.6484375} 
{'name': 'NvBroadcast.Container.exe', 'pid': 15592, 'username': None, 'vms': 38.15234375} 
{'name': 'RuntimeBroker.exe', 'pid': 15600, 'username': 'LAPTOP-ECMIU6EK\\shail', 'vms': 13.6640625} 
{'name': 'msedge.exe', 'pid': 15968, 'username': 'LAPTOP-ECMIU6EK\\shail', 'vms': 14.91796875} 
{'name': 'ctfmon.exe', 'pid': 15996, 'username': 'LAPTOP-ECMIU6EK\\shail', 'vms': 7.6875} 
{'name': 'jusched.exe', 'pid': 16072, 'username': 'LAPTOP-ECMIU6EK\\shail', 'vms': 1.46484375} 
{'name': 'svchost.exe', 'pid': 16572, 'username': None, 'vms': 1.66015625} 
{'name': 'svchost.exe', 'pid': 16664, 'username': None, 'vms': 4.03125} 
{'name': 'svchost.exe', 'pid': 16736, 'username': None, 'vms': 6.02734375} 
{'name': 'svchost.exe', 'pid': 16924, 'username': None, 'vms': 2.125} 
{'name': 'svchost.exe', 'pid': 16960, 'username': 'LAPTOP-ECMIU6EK\\shail', 'vms': 3.6953125} 
{'name': 'WidgetService.exe', 'pid': 17084, 'username': 'LAPTOP-ECMIU6EK\\shail', 'vms': 4.9375} 
{'name': 'svchost.exe', 'pid': 17140, 'username': 'LAPTOP-ECMIU6EK\\shail', 'vms': 3.734375} 
{'name': 'Code.exe', 'pid': 17160, 'username': 'LAPTOP-ECMIU6EK\\shail', 'vms': 563.78515625} 
{'name': 'CrossDeviceService.exe', 'pid': 17204, 'username': 'LAPTOP-ECMIU6EK\\shail', 'vms': 35.96875} 
{'name': 'LockApp.exe', 'pid': 17240, 'username': 'LAPTOP-ECMIU6EK\\shail', 'vms': 53.46484375} 
{'name': 'svchost.exe', 'pid': 17280, 'username': None, 'vms': 1.8359375} 
{'name': 'PhoneExperienceHost.exe', 'pid': 17292, 'username': 'LAPTOP-ECMIU6EK\\shail', 'vms': 83.38671875} 
{'name': 'msedge.exe', 'pid': 17416, 'username': 'LAPTOP-ECMIU6EK\\shail', 'vms': 43.23828125} 
{'name': 'svchost.exe', 'pid': 17448, 'username': None, 'vms': 2.35546875} 
{'name': 'msedge.exe', 'pid': 17768, 'username': 'LAPTOP-ECMIU6EK\\shail', 'vms': 207.65234375} 
{'name': 'svchost.exe', 'pid': 17852, 'username': None, 'vms': 1.828125} 
{'name': 'msedgewebview2.exe', 'pid': 17956, 'username': 'LAPTOP-ECMIU6EK\\shail', 'vms': 13.21484375} 
{'name': 'python.exe', 'pid': 18004, 'username': 'LAPTOP-ECMIU6EK\\shail', 'vms': 13.56640625} 
{'name': 'AsusProArtHost.exe', 'pid': 18312, 'username': 'LAPTOP-ECMIU6EK\\shail', 'vms': 2.32421875} 
{'name': 'NisSrv.exe', 'pid': 18396, 'username': None, 'vms': 4.30078125} 
{'name': 'AsusOSD.exe', 'pid': 18664, 'username': 'LAPTOP-ECMIU6EK\\shail', 'vms': 3.171875} 
{'name': 'WhatsApp.exe', 'pid': 18704, 'username': 'LAPTOP-ECMIU6EK\\shail', 'vms': 67.31640625} 
{'name': 'MsMpEng.exe', 'pid': 18708, 'username': None, 'vms': 368.390625} 
{'name': 'RuntimeBroker.exe', 'pid': 18944, 'username': 'LAPTOP-ECMIU6EK\\shail', 'vms': 15.48046875} 
{'name': 'Code.exe', 'pid': 19008, 'username': 'LAPTOP-ECMIU6EK\\shail', 'vms': 92.7734375} 
{'name': 'AsusOLEDShifter.exe', 'pid': 19072, 'username': 'LAPTOP-ECMIU6EK\\shail', 'vms': 2.140625} 
{'name': 'Code.exe', 'pid': 19144, 'username': 'LAPTOP-ECMIU6EK\\shail', 'vms': 158.45703125} 
{'name': 'Widgets.exe', 'pid': 19248, 'username': 'LAPTOP-ECMIU6EK\\shail', 'vms': 12.56640625} 
{'name': 'WmiApSrv.exe', 'pid': 19668, 'username': None, 'vms': 2.703125} 
{'name': 'svchost.exe', 'pid': 19904, 'username': 'LAPTOP-ECMIU6EK\\shail', 'vms': 1.7578125} 
{'name': 'TiWorker.exe', 'pid': 19992, 'username': None, 'vms': 3.24609375} 
{'name': 'conhost.exe', 'pid': 20112, 'username': 'LAPTOP-ECMIU6EK\\shail', 'vms': 1.16015625} 
{'name': 'ApplicationFrameHost.exe', 'pid': 20132, 'username': 'LAPTOP-ECMIU6EK\\shail', 'vms': 63.0546875} 
{'name': 'RuntimeBroker.exe', 'pid': 20352, 'username': 'LAPTOP-ECMIU6EK\\shail', 'vms': 1.85546875} 
